W&B disabled.
task start
Use seed 3
2023-12-05 16:28:03,423 MainThread INFO: Experiment Name:1125_itv50_pr0.5_sllr1e-4_slloss1_trajinfo1_selected10
2023-12-05 16:28:03,424 MainThread INFO: {
  "env_name": "mt10",
  "selected_task_amount": 10,
  "env": {
    "reward_scale": 1,
    "obs_norm": false
  },
  "meta_env": {
    "obs_type": "with_goal_and_id"
  },
  "replay_buffer": {
    "size": 1000000.0
  },
  "net": {
    "hidden_shapes": [
      400,
      400,
      400
    ]
  },
  "task_embedding": {
    "em_hidden_shapes": [
      256,
      128
    ]
  },
  "traj_encoder": {
    "latent_size": 256
  },
  "generator": {
    "one_hot_mlp_hidden": 64,
    "generator_mlp_hidden": 256,
    "one_hot_result_dim": 64
  },
  "sparse_training": {
    "pruning_ratio": 0.5
  },
  "general_setting": {
    "discount": 0.99,
    "pretrain_epochs": 20,
    "num_epochs": 10000,
    "epoch_frames": 150,
    "max_episode_frames": 150,
    "generator_lr": 0.0001,
    "batch_size": 1280,
    "min_pool": 10000,
    "success_traj_update_only": true,
    "target_hard_update_period": 1000,
    "use_soft_update": true,
    "tau": 0.005,
    "opt_times": 200,
    "update_end_epoch": 10000,
    "mask_update_interval": 50,
    "eval_episodes": 3,
    "recent_traj_window": 10,
    "sl_optim_times": 5,
    "use_trajectory_info": 1,
    "use_sl_loss": 1
  },
  "sac": {
    "plr": 0.0001,
    "qlr": 0.0001,
    "reparameterization": true,
    "automatic_entropy_tuning": true,
    "policy_std_reg_weight": 0,
    "policy_mean_reg_weight": 0
  }
}
finish policy net init
mask generator finish initialization
/lustre04/scratch/qianxi/sparse_training/dec_must/must_env/lib/python3.8/site-packages/gym/logger.py:30: UserWarning: [33mWARN: Could not seed environment <MTEnv instance>[0m
  warnings.warn(colorize('%s: %s'%('WARN', msg % args), 'yellow'))
wandb: Tracking run with wandb version 0.15.5
wandb: W&B syncing is set to `offline` in this directory.  
wandb: Run `wandb online` or set WANDB_MODE=online to enable cloud syncing.
replay_buffer._size: [300 300 300 300 300 300 300 300 300 300]
2023-12-05 16:29:57,205 MainThread INFO: EPOCH:0
2023-12-05 16:29:57,206 MainThread INFO: Time Consumed:0.03309321403503418s
2023-12-05 16:29:57,206 MainThread INFO: Total Frames:1500s
--------------------------------  ----------  ---  ---  ---
Name                              Value
Train_Epoch_Reward                6874.92459
Running_Training_Average_Rewards  687.49246

Name                              Mean        Std  Max  Min
--------------------------------  ----------  ---  ---  ---
replay_buffer._size: [321 315 315 316 326 318 315 315 314 319]
2023-12-05 16:29:57,566 MainThread INFO: EPOCH:1
2023-12-05 16:29:57,566 MainThread INFO: Time Consumed:0.0036406517028808594s
2023-12-05 16:29:57,566 MainThread INFO: Total Frames:3000s
--------------------------------  -----------  ---  ---  ---
Name                              Value
Train_Epoch_Reward                16636.31071
Running_Training_Average_Rewards  1175.56177

Name                              Mean         Std  Max  Min
--------------------------------  -----------  ---  ---  ---
replay_buffer._size: [450 450 450 450 450 450 450 450 450 450]
2023-12-05 16:30:00,190 MainThread INFO: EPOCH:2
2023-12-05 16:30:00,190 MainThread INFO: Time Consumed:2.6217775344848633s
2023-12-05 16:30:00,190 MainThread INFO: Total Frames:4500s
--------------------------------  -----------  ---  ---  ---
Name                              Value
Train_Epoch_Reward                11586.10142
Running_Training_Average_Rewards  1169.91122

Name                              Mean         Std  Max  Min
--------------------------------  -----------  ---  ---  ---
replay_buffer._size: [600 600 600 600 600 600 600 600 600 600]
2023-12-05 16:30:03,510 MainThread INFO: EPOCH:3
2023-12-05 16:30:03,510 MainThread INFO: Time Consumed:3.3182876110076904s
2023-12-05 16:30:03,511 MainThread INFO: Total Frames:6000s
--------------------------------  -----------  ---  ---  ---
Name                              Value
Train_Epoch_Reward                11291.89658
Running_Training_Average_Rewards  1317.14362

Name                              Mean         Std  Max  Min
--------------------------------  -----------  ---  ---  ---
replay_buffer._size: [750 750 750 750 750 750 750 750 750 750]
2023-12-05 16:30:07,239 MainThread INFO: EPOCH:4
2023-12-05 16:30:07,239 MainThread INFO: Time Consumed:3.7270777225494385s
2023-12-05 16:30:07,240 MainThread INFO: Total Frames:7500s
--------------------------------  ----------  ---  ---  ---
Name                              Value
Train_Epoch_Reward                1467.51070
Running_Training_Average_Rewards  811.51696

Name                              Mean        Std  Max  Min
--------------------------------  ----------  ---  ---  ---
replay_buffer._size: [900 900 900 900 900 900 900 900 900 900]
2023-12-05 16:30:11,429 MainThread INFO: EPOCH:5
2023-12-05 16:30:11,431 MainThread INFO: Time Consumed:4.18804931640625s
2023-12-05 16:30:11,432 MainThread INFO: Total Frames:9000s
--------------------------------  ----------  ---  ---  ---
Name                              Value
Train_Epoch_Reward                7426.14262
Running_Training_Average_Rewards  672.85166

Name                              Mean        Std  Max  Min
--------------------------------  ----------  ---  ---  ---
replay_buffer._size: [1050 1050 1050 1050 1050 1050 1050 1050 1050 1050]
2023-12-05 16:30:15,526 MainThread INFO: EPOCH:6
2023-12-05 16:30:15,526 MainThread INFO: Time Consumed:4.092588186264038s
2023-12-05 16:30:15,527 MainThread INFO: Total Frames:10500s
--------------------------------  -----------  ---  ---  ---
Name                              Value
Train_Epoch_Reward                17599.76772
Running_Training_Average_Rewards  883.11404

Name                              Mean         Std  Max  Min
--------------------------------  -----------  ---  ---  ---
replay_buffer._size: [1200 1200 1200 1200 1200 1200 1200 1200 1200 1200]
2023-12-05 16:30:20,255 MainThread INFO: EPOCH:7
2023-12-05 16:30:20,255 MainThread INFO: Time Consumed:4.7270872592926025s
2023-12-05 16:30:20,256 MainThread INFO: Total Frames:12000s
--------------------------------  -----------  ---  ---  ---
Name                              Value
Train_Epoch_Reward                13875.06757
Running_Training_Average_Rewards  1296.69926

Name                              Mean         Std  Max  Min
--------------------------------  -----------  ---  ---  ---
replay_buffer._size: [1350 1350 1350 1350 1350 1350 1350 1350 1350 1350]
2023-12-05 16:30:25,215 MainThread INFO: EPOCH:8
2023-12-05 16:30:25,216 MainThread INFO: Time Consumed:4.958240270614624s
2023-12-05 16:30:25,216 MainThread INFO: Total Frames:13500s
--------------------------------  -----------  ---  ---  ---
Name                              Value
Train_Epoch_Reward                11304.28067
Running_Training_Average_Rewards  1425.97053

Name                              Mean         Std  Max  Min
--------------------------------  -----------  ---  ---  ---
replay_buffer._size: [1500 1500 1500 1500 1500 1500 1500 1500 1500 1500]
2023-12-05 16:30:30,494 MainThread INFO: EPOCH:9
2023-12-05 16:30:30,494 MainThread INFO: Time Consumed:5.276501178741455s
2023-12-05 16:30:30,495 MainThread INFO: Total Frames:15000s
--------------------------------  ----------  ---  ---  ---
Name                              Value
Train_Epoch_Reward                5649.21571
Running_Training_Average_Rewards  1027.61880

Name                              Mean        Std  Max  Min
--------------------------------  ----------  ---  ---  ---
replay_buffer._size: [1650 1650 1650 1650 1650 1650 1650 1650 1650 1650]
2023-12-05 16:30:35,225 MainThread INFO: EPOCH:10
2023-12-05 16:30:35,225 MainThread INFO: Time Consumed:4.728765487670898s
2023-12-05 16:30:35,226 MainThread INFO: Total Frames:16500s
--------------------------------  -----------  ---  ---  ---
Name                              Value
Train_Epoch_Reward                14778.75293
Running_Training_Average_Rewards  1057.74164

Name                              Mean         Std  Max  Min
--------------------------------  -----------  ---  ---  ---
replay_buffer._size: [1800 1800 1800 1800 1800 1800 1800 1800 1800 1800]
2023-12-05 16:30:40,336 MainThread INFO: EPOCH:11
2023-12-05 16:30:40,336 MainThread INFO: Time Consumed:5.10888671875s
2023-12-05 16:30:40,337 MainThread INFO: Total Frames:18000s
--------------------------------  -----------  ---  ---  ---
Name                              Value
Train_Epoch_Reward                22321.89048
Running_Training_Average_Rewards  1424.99530

Name                              Mean         Std  Max  Min
--------------------------------  -----------  ---  ---  ---
replay_buffer._size: [1950 1950 1950 1950 1950 1950 1950 1950 1950 1950]
2023-12-05 16:30:44,918 MainThread INFO: EPOCH:12
2023-12-05 16:30:44,919 MainThread INFO: Time Consumed:4.580389499664307s
2023-12-05 16:30:44,919 MainThread INFO: Total Frames:19500s
--------------------------------  -----------  ---  ---  ---
Name                              Value
Train_Epoch_Reward                11344.06583
Running_Training_Average_Rewards  1614.82364

Name                              Mean         Std  Max  Min
--------------------------------  -----------  ---  ---  ---
replay_buffer._size: [2100 2100 2100 2100 2100 2100 2100 2100 2100 2100]
2023-12-05 16:30:49,268 MainThread INFO: EPOCH:13
2023-12-05 16:30:49,268 MainThread INFO: Time Consumed:4.34765625s
2023-12-05 16:30:49,269 MainThread INFO: Total Frames:21000s
--------------------------------  -----------  ---  ---  ---
Name                              Value
Train_Epoch_Reward                15189.97136
Running_Training_Average_Rewards  1628.53092

Name                              Mean         Std  Max  Min
--------------------------------  -----------  ---  ---  ---
replay_buffer._size: [2250 2250 2250 2250 2250 2250 2250 2250 2250 2250]
2023-12-05 16:30:53,416 MainThread INFO: EPOCH:14
2023-12-05 16:30:53,416 MainThread INFO: Time Consumed:4.1455371379852295s
2023-12-05 16:30:53,416 MainThread INFO: Total Frames:22500s
--------------------------------  -----------  ---  ---  ---
Name                              Value
Train_Epoch_Reward                11880.10993
Running_Training_Average_Rewards  1280.47157

Name                              Mean         Std  Max  Min
--------------------------------  -----------  ---  ---  ---
replay_buffer._size: [2400 2400 2400 2400 2400 2400 2400 2400 2400 2400]
2023-12-05 16:30:57,704 MainThread INFO: EPOCH:15
2023-12-05 16:30:57,705 MainThread INFO: Time Consumed:4.286714553833008s
2023-12-05 16:30:57,705 MainThread INFO: Total Frames:24000s
--------------------------------  -----------  ---  ---  ---
Name                              Value
Train_Epoch_Reward                19091.68433
Running_Training_Average_Rewards  1538.72552

Name                              Mean         Std  Max  Min
--------------------------------  -----------  ---  ---  ---
replay_buffer._size: [2550 2550 2550 2550 2550 2550 2550 2550 2550 2550]
2023-12-05 16:31:01,457 MainThread INFO: EPOCH:16
2023-12-05 16:31:01,457 MainThread INFO: Time Consumed:3.750063419342041s
2023-12-05 16:31:01,457 MainThread INFO: Total Frames:25500s
--------------------------------  ----------  ---  ---  ---
Name                              Value
Train_Epoch_Reward                7474.40707
Running_Training_Average_Rewards  1281.54004

Name                              Mean        Std  Max  Min
--------------------------------  ----------  ---  ---  ---
replay_buffer._size: [2700 2700 2700 2700 2700 2700 2700 2700 2700 2700]
2023-12-05 16:31:04,858 MainThread INFO: EPOCH:17
2023-12-05 16:31:04,859 MainThread INFO: Time Consumed:3.3997650146484375s
2023-12-05 16:31:04,859 MainThread INFO: Total Frames:27000s
--------------------------------  ----------  ---  ---  ---
Name                              Value
Train_Epoch_Reward                3278.36394
Running_Training_Average_Rewards  994.81518

Name                              Mean        Std  Max  Min
--------------------------------  ----------  ---  ---  ---
replay_buffer._size: [2850 2850 2850 2850 2850 2850 2850 2850 2850 2850]
2023-12-05 16:31:07,861 MainThread INFO: EPOCH:18
2023-12-05 16:31:07,862 MainThread INFO: Time Consumed:3.000579833984375s
2023-12-05 16:31:07,862 MainThread INFO: Total Frames:28500s
--------------------------------  -----------  ---  ---  ---
Name                              Value
Train_Epoch_Reward                10582.49764
Running_Training_Average_Rewards  711.17562

Name                              Mean         Std  Max  Min
--------------------------------  -----------  ---  ---  ---
replay_buffer._size: [3000 3000 3000 3000 3000 3000 3000 3000 3000 3000]
2023-12-05 16:31:11,113 MainThread INFO: EPOCH:19
2023-12-05 16:31:11,114 MainThread INFO: Time Consumed:3.250112533569336s
2023-12-05 16:31:11,114 MainThread INFO: Total Frames:30000s
--------------------------------  -----------  ---  ---  ---
Name                              Value
Train_Epoch_Reward                17929.37103
Running_Training_Average_Rewards  1059.67442

Name                              Mean         Std  Max  Min
--------------------------------  -----------  ---  ---  ---
2023-12-05 16:31:11,116 MainThread INFO: Finished Pretrain
  0%|          | 0/10000 [00:00<?, ?it/s]sample: [8, 1, 5, 4, 0, 2, 6, 7, 3, 9]
replay_buffer._size: [3150 3150 3150 3150 3150 3150 3150 3150 3150 3150]
collect time 5.49871563911438
time1 1.5989959239959717
inner_dict_sum {'sac_diff0': 0.47339701652526855, 'sac_diff1': 0.9068255424499512, 'sac_diff2': 0.7685015201568604, 'sac_diff3': 0.6251516342163086, 'sac_diff4': 0.6001160144805908, 'sac_diff5': 25.307081937789917}
diff5_list [1.8915235996246338, 1.0040688514709473, 0.15641474723815918, 0.10663866996765137, 0.10662674903869629, 0.10697793960571289, 0.3125488758087158, 0.10694384574890137, 0.10682415962219238, 0.10953235626220703, 0.10674738883972168, 0.10667872428894043, 0.10694646835327148, 0.10958433151245117, 0.1067202091217041, 0.10653543472290039, 0.10870480537414551, 0.1078028678894043, 0.10811662673950195, 0.10674262046813965, 0.10811257362365723, 0.10775303840637207, 0.10791659355163574, 0.10742568969726562, 0.10784769058227539, 0.10685849189758301, 0.10660243034362793, 0.10663366317749023, 0.10644102096557617, 0.10683488845825195, 0.10659027099609375, 0.306424617767334, 0.10744976997375488, 0.11131000518798828, 0.10751843452453613, 0.10766148567199707, 0.10882306098937988, 0.10758113861083984, 0.10865616798400879, 0.10640335083007812, 0.10861063003540039, 0.10664629936218262, 0.10848283767700195, 0.10696935653686523, 0.10662174224853516, 0.10647392272949219, 0.10661935806274414, 0.1064765453338623, 0.10683560371398926, 0.10712695121765137, 0.15886306762695312, 0.10679817199707031, 0.10753870010375977, 0.10711240768432617, 0.10715389251708984, 0.10663056373596191, 0.11059784889221191, 0.10643553733825684, 0.10752534866333008, 0.10643553733825684, 0.10935473442077637, 0.10626912117004395, 0.10728287696838379, 0.10992908477783203, 0.10740900039672852, 0.10688304901123047, 0.10751867294311523, 0.10677886009216309, 0.10693120956420898, 0.10770010948181152, 0.10653567314147949, 0.10809516906738281, 0.10718750953674316, 0.11266803741455078, 0.1063833236694336, 0.10709953308105469, 0.10670900344848633, 0.10929393768310547, 0.10680413246154785, 0.10658764839172363, 0.10712814331054688, 0.10723590850830078, 0.1064453125, 0.1098639965057373, 0.10648512840270996, 0.10815668106079102, 0.11056399345397949, 0.10675787925720215, 0.10636162757873535, 0.10778331756591797, 0.10860848426818848, 0.10667228698730469, 0.10770940780639648, 0.11063885688781738, 0.10700106620788574, 0.10720348358154297, 0.10658645629882812, 0.10667920112609863, 0.10702824592590332, 0.10654926300048828, 0.10666346549987793, 0.10675525665283203, 0.10705876350402832, 0.10680985450744629, 0.10672307014465332, 0.31184864044189453, 0.10756063461303711, 0.10736227035522461, 0.10754895210266113, 0.1062159538269043, 0.10621309280395508, 0.10712194442749023, 0.10618066787719727, 0.1062469482421875, 0.1064462661743164, 0.10666084289550781, 0.1063838005065918, 0.1065819263458252, 0.1069798469543457, 0.10664725303649902, 0.10675883293151855, 0.1072702407836914, 0.1062326431274414, 0.10637569427490234, 0.10874128341674805, 0.10738420486450195, 0.11029291152954102, 0.10669541358947754, 0.10773682594299316, 0.1066887378692627, 0.2933230400085449, 0.10781526565551758, 0.10679078102111816, 0.10668659210205078, 0.10809040069580078, 0.10655474662780762, 0.10664629936218262, 0.10676121711730957, 0.10866737365722656, 0.10988235473632812, 0.10686016082763672, 0.10680294036865234, 0.10678410530090332, 0.1066591739654541, 0.10848617553710938, 0.10770130157470703, 0.1091909408569336, 0.10699009895324707, 0.10650825500488281, 0.10674667358398438, 0.10773944854736328, 0.15272927284240723, 0.10686707496643066, 0.1065371036529541, 0.10696840286254883, 0.14028716087341309, 0.10800671577453613, 0.10688996315002441, 0.10655426979064941, 0.1066446304321289, 0.10655450820922852, 0.10808968544006348, 0.106903076171875, 0.10785746574401855, 0.10679435729980469, 0.1069326400756836, 0.10684895515441895, 0.10661458969116211, 0.10673832893371582, 0.10986781120300293, 0.10657262802124023, 0.10676026344299316, 0.10737776756286621, 0.10670614242553711, 0.10698366165161133, 0.10869455337524414, 0.10895943641662598, 0.10648345947265625, 0.10748028755187988, 0.10646820068359375, 0.2947268486022949, 0.10753107070922852, 0.10668110847473145, 0.10692954063415527, 0.10680627822875977, 0.10657310485839844, 0.10658431053161621, 0.10656094551086426, 0.10696816444396973, 0.10782265663146973, 0.10666799545288086, 0.10661029815673828, 0.10713911056518555, 0.10673666000366211, 0.10651683807373047, 0.10873818397521973, 0.10990715026855469, 0.10684418678283691, 0.10692620277404785, 0.10640788078308105]
time3 0.6355066299438477
time5 29.04522395133972
time7 0.20474720001220703
gen_weight_change tensor(-20.0718, device='cuda:0')
train_time 139.2622902393341
eval time 0.04756283760070801
snapshot at best
2023-12-05 16:33:43,684 MainThread INFO: EPOCH:0
2023-12-05 16:33:43,718 MainThread INFO: Time Consumed:151.86674237251282s
2023-12-05 16:33:43,718 MainThread INFO: Total Frames:31500s
/lustre04/scratch/qianxi/sparse_training/dec_must/DST_RL/./torchrl/algo/rl_algo.py:352: UserWarning: This overload of nonzero is deprecated:
	nonzero()
Consider using one of the following signatures instead:
	nonzero(*, bool as_tuple) (Triggered internally at  /pytorch/torch/csrc/utils/python_arg_parser.cpp:882.)
  value = torch.sum((self.mask_buffer["Policy"][each_task][0] == 0).nonzero().squeeze()).item()
  0%|          | 1/10000 [02:34<430:09:09, 154.87s/it]------------------------------------  -----------  ---------  ----------  ---------
Name                                  Value
Running_Average_Rewards               1193.31718
Train_Epoch_Reward                    3385.30910
Running_Training_Average_Rewards      1063.23926
Explore_Time                          5.49752
Train___Time                          139.26229
Eval____Time                          0.04756
button-press-topdown-v1_success_rate  0.00000
button-press-topdown-v1_eval_rewards  -51.98190
6                                     0.00000
door-v1_success_rate                  0.00000
door-v1_eval_rewards                  -42.27223
3                                     0.00000
drawer-close-v1_success_rate          0.00000
drawer-close-v1_eval_rewards          -18.05866
5                                     0.00000
drawer-open-v1_success_rate           0.00000
drawer-open-v1_eval_rewards           -23.55570
4                                     0.00000
ped-insert-side-v1_success_rate       0.00000
ped-insert-side-v1_eval_rewards       -20.37067
7                                     0.00000
pick-place-v1_success_rate            0.00000
pick-place-v1_eval_rewards            -21.05447
2                                     0.00000
push-v1_success_rate                  0.00000
push-v1_eval_rewards                  -21.26582
1                                     0.00000
reach-v1_success_rate                 0.00000
reach-v1_eval_rewards                 12184.92890
0                                     0.00000
window-close-v1_success_rate          0.00000
window-close-v1_eval_rewards          -26.49539
9                                     0.00000
window-open-v1_success_rate           0.00000
window-open-v1_eval_rewards           -26.70229
8                                     0.00000
mean_success_rate                     0.00000

Name                                  Mean         Std        Max         Min
Reward_Mean                           8.08098      0.44611    9.32137     7.04952
alpha_0                               0.99000      0.00573    0.99990     0.98016
alpha_1                               0.99000      0.00573    0.99990     0.98016
alpha_2                               0.99000      0.00573    0.99990     0.98016
alpha_3                               0.99000      0.00573    0.99990     0.98017
alpha_4                               0.99000      0.00573    0.99990     0.98017
alpha_5                               0.99000      0.00572    0.99990     0.98017
alpha_6                               0.99000      0.00573    0.99990     0.98017
alpha_7                               0.99000      0.00573    0.99990     0.98017
alpha_8                               0.99000      0.00573    0.99990     0.98017
alpha_9                               0.99000      0.00573    0.99990     0.98017
Alpha_loss                            -0.06711     0.03897    -0.00000    -0.13411
Training/policy_loss                  -2.69994     0.01413    -2.66837    -2.73608
Training/qf1_loss                     978.33367    103.66761  1260.27136  735.80042
Training/qf2_loss                     1007.65738   97.87593   1351.38416  786.20599
Training/pf_norm                      0.22954      0.06170    0.40247     0.14688
Training/qf1_norm                     131.43512    102.72464  339.47989   18.06610
Training/qf2_norm                     20.51141     1.23523    23.63432    16.91219
log_std/mean                          -0.11077     0.04436    -0.00048    -0.14922
log_std/std                           0.00761      0.00248    0.01242     0.00191
log_std/max                           -0.09406     0.03919    0.00438     -0.13394
log_std/min                           -0.12837     0.04941    -0.00608    -0.17957
log_probs/mean                        -2.72729     0.01703    -2.66998    -2.75991
log_probs/std                         0.26745      0.06282    0.44369     0.20436
log_probs/max                         -2.02245     0.28205    -1.16337    -2.26640
log_probs/min                         -4.89810     0.71601    -3.56396    -8.60728
mean/mean                             0.00019      0.00224    0.00527     -0.00440
mean/std                              0.00529      0.00190    0.01077     0.00207
mean/max                              0.01111      0.00452    0.02383     0.00400
mean/min                              -0.01042     0.00374    -0.00362    -0.02034
------------------------------------  -----------  ---------  ----------  ---------
snapshot at 0
history save at ./log/1125_itv50_pr0.5_sllr1e-4_slloss1_trajinfo1_selected10/mt10/3/model
sample: [4, 8, 9, 0, 6, 1, 7, 5, 2, 3]
replay_buffer._size: [3450 3450 3450 3450 3450 3450 3450 3450 3450 3450]
collect time 0.3516249656677246
time1 1.0300540924072266
inner_dict_sum {'sac_diff0': 0.4740438461303711, 'sac_diff1': 0.7691452503204346, 'sac_diff2': 0.6570155620574951, 'sac_diff3': 0.6410837173461914, 'sac_diff4': 0.6747093200683594, 'sac_diff5': 13.984904766082764}
diff5_list [0.12666821479797363, 0.06826615333557129, 0.06706476211547852, 0.06722283363342285, 0.0665597915649414, 0.06653714179992676, 0.06759905815124512, 0.06668496131896973, 0.0664820671081543, 0.07330703735351562, 0.06655311584472656, 0.06728506088256836, 0.06828856468200684, 0.06867003440856934, 0.0668177604675293, 0.06637978553771973, 0.06669306755065918, 0.0665903091430664, 0.06881213188171387, 0.06641173362731934, 0.06668424606323242, 0.06671857833862305, 0.06786894798278809, 0.06690144538879395, 0.06655001640319824, 0.06667947769165039, 0.06669497489929199, 0.06696939468383789, 0.06673622131347656, 0.06676173210144043, 0.06652331352233887, 0.0665738582611084, 0.06914758682250977, 0.06792068481445312, 0.06749320030212402, 0.09980154037475586, 0.18567776679992676, 0.17229557037353516, 0.06667017936706543, 0.06676387786865234, 0.06674528121948242, 0.0669703483581543, 0.06688356399536133, 0.06679010391235352, 0.06659579277038574, 0.0669248104095459, 0.06667327880859375, 0.06647181510925293, 0.06661057472229004, 0.06652641296386719, 0.06656408309936523, 0.06833386421203613, 0.06650471687316895, 0.06674957275390625, 0.06736493110656738, 0.06689667701721191, 0.06680965423583984, 0.06868720054626465, 0.06670880317687988, 0.06750130653381348, 0.06683230400085449, 0.06656026840209961, 0.06702375411987305, 0.0666048526763916, 0.06636261940002441, 0.06650733947753906, 0.06684160232543945, 0.06667852401733398, 0.06659269332885742, 0.06657290458679199, 0.06676411628723145, 0.0670008659362793, 0.0684959888458252, 0.06691288948059082, 0.06862211227416992, 0.06662797927856445, 0.06655025482177734, 0.06686186790466309, 0.06660270690917969, 0.06655430793762207, 0.06663346290588379, 0.0665130615234375, 0.06669926643371582, 0.06672406196594238, 0.06689143180847168, 0.06703686714172363, 0.06667590141296387, 0.06659269332885742, 0.0669257640838623, 0.06670999526977539, 0.06768608093261719, 0.0666341781616211, 0.06659460067749023, 0.06655335426330566, 0.06800341606140137, 0.06664681434631348, 0.06674337387084961, 0.06671500205993652, 0.066864013671875, 0.06675577163696289, 0.06869864463806152, 0.06662702560424805, 0.06676173210144043, 0.06698393821716309, 0.06657743453979492, 0.06667160987854004, 0.06647086143493652, 0.06662559509277344, 0.06757616996765137, 0.06684374809265137, 0.06692075729370117, 0.06676483154296875, 0.0667269229888916, 0.06746840476989746, 0.06674504280090332, 0.0666954517364502, 0.06721615791320801, 0.06861019134521484, 0.06661581993103027, 0.06675529479980469, 0.06693744659423828, 0.06685519218444824, 0.06695795059204102, 0.06732344627380371, 0.06673955917358398, 0.06673336029052734, 0.06758713722229004, 0.06715273857116699, 0.06695151329040527, 0.06678128242492676, 0.06688570976257324, 0.06689453125, 0.06664061546325684, 0.06658411026000977, 0.06662321090698242, 0.06667232513427734, 0.06664037704467773, 0.06812691688537598, 0.06833720207214355, 0.06666755676269531, 0.0672612190246582, 0.0671696662902832, 0.06690073013305664, 0.0667886734008789, 0.06928563117980957, 0.06669497489929199, 0.06672549247741699, 0.06662964820861816, 0.06701159477233887, 0.06669378280639648, 0.06663990020751953, 0.06663274765014648, 0.06689286231994629, 0.0664827823638916, 0.0666959285736084, 0.06660127639770508, 0.06669759750366211, 0.06674528121948242, 0.0679783821105957, 0.06708145141601562, 0.06883025169372559, 0.06653070449829102, 0.06773853302001953, 0.06667876243591309, 0.06676173210144043, 0.06851005554199219, 0.06654119491577148, 0.06668829917907715, 0.06662106513977051, 0.0666811466217041, 0.06684207916259766, 0.06695961952209473, 0.06653094291687012, 0.06670689582824707, 0.06671929359436035, 0.06662154197692871, 0.06645822525024414, 0.06677627563476562, 0.06670641899108887, 0.06656646728515625, 0.06879901885986328, 0.06857085227966309, 0.06647992134094238, 0.06659913063049316, 0.06680154800415039, 0.06669878959655762, 0.06666064262390137, 0.06863641738891602, 0.06662392616271973, 0.06658315658569336, 0.06664133071899414, 0.0675191879272461, 0.11819911003112793, 0.19091558456420898, 0.15279173851013184, 0.06682109832763672, 0.06679487228393555, 0.06797981262207031, 0.06761980056762695, 0.06883382797241211]
time3 0
time5 18.867005825042725
time7 9.5367431640625e-07
gen_weight_change tensor(-20.0718, device='cuda:0')
train_time 24.045053005218506
eval time 0.05059623718261719
snapshot at best
2023-12-05 16:34:16,294 MainThread INFO: EPOCH:1
2023-12-05 16:34:16,295 MainThread INFO: Time Consumed:29.82518196105957s
2023-12-05 16:34:16,295 MainThread INFO: Total Frames:33000s
  0%|          | 2/10000 [03:05<226:51:10, 81.68s/it] ------------------------------------  -----------  ---------  ----------  ---------
Name                                  Value
Running_Average_Rewards               1193.60542
Train_Epoch_Reward                    20036.80131
Running_Training_Average_Rewards      1378.38271
Explore_Time                          0.35068
Train___Time                          24.04505
Eval____Time                          0.05060
button-press-topdown-v1_success_rate  0.00000
button-press-topdown-v1_eval_rewards  -49.09949
6                                     0.00000
door-v1_success_rate                  0.00000
door-v1_eval_rewards                  -42.27223
3                                     0.00000
drawer-close-v1_success_rate          0.00000
drawer-close-v1_eval_rewards          -18.05866
5                                     0.00000
drawer-open-v1_success_rate           0.00000
drawer-open-v1_eval_rewards           -23.55570
4                                     0.00000
ped-insert-side-v1_success_rate       0.00000
ped-insert-side-v1_eval_rewards       -20.37067
7                                     0.00000
pick-place-v1_success_rate            0.00000
pick-place-v1_eval_rewards            -21.05447
2                                     0.00000
push-v1_success_rate                  0.00000
push-v1_eval_rewards                  -21.26582
1                                     0.00000
reach-v1_success_rate                 0.00000
reach-v1_eval_rewards                 12184.92890
0                                     0.00000
window-close-v1_success_rate          0.00000
window-close-v1_eval_rewards          -26.49539
9                                     0.00000
window-open-v1_success_rate           0.00000
window-open-v1_eval_rewards           -26.70229
8                                     0.00000
mean_success_rate                     0.00000

Name                                  Mean         Std        Max         Min
Reward_Mean                           8.12632      0.46688    9.31783     7.16177
alpha_0                               0.97037      0.00561    0.98007     0.96074
alpha_1                               0.97037      0.00561    0.98006     0.96074
alpha_2                               0.97037      0.00560    0.98006     0.96075
alpha_3                               0.97038      0.00561    0.98007     0.96075
alpha_4                               0.97038      0.00561    0.98007     0.96075
alpha_5                               0.97038      0.00561    0.98007     0.96075
alpha_6                               0.97038      0.00560    0.98007     0.96075
alpha_7                               0.97037      0.00561    0.98007     0.96074
alpha_8                               0.97037      0.00561    0.98007     0.96074
alpha_9                               0.97038      0.00561    0.98007     0.96075
Alpha_loss                            -0.20196     0.03890    -0.13491    -0.26925
Training/policy_loss                  -4.28064     1.57079    -2.67804    -7.36697
Training/qf1_loss                     596.62850    209.91571  1105.98059  218.32535
Training/qf2_loss                     956.28446    111.92857  1265.43066  661.75977
Training/pf_norm                      0.18493      0.02211    0.24022     0.13487
Training/qf1_norm                     575.71528    170.31880  886.11243   39.09577
Training/qf2_norm                     199.23824    173.84534  596.25519   19.26453
log_std/mean                          -0.12884     0.00559    -0.11907    -0.13875
log_std/std                           0.00783      0.00100    0.00980     0.00575
log_std/max                           -0.11055     0.00713    -0.09835    -0.12353
log_std/min                           -0.14602     0.00650    -0.13611    -0.15807
log_probs/mean                        -2.73440     0.00641    -2.71881    -2.75746
log_probs/std                         0.23787      0.01401    0.29519     0.20957
log_probs/max                         -2.13526     0.04744    -2.00644    -2.24438
log_probs/min                         -4.93678     0.67235    -3.74915    -7.92206
mean/mean                             -0.00016     0.00295    0.00543     -0.00522
mean/std                              0.00874      0.00183    0.01334     0.00361
mean/max                              0.01904      0.00373    0.02641     0.00682
mean/min                              -0.01792     0.00616    -0.00887    -0.02997
------------------------------------  -----------  ---------  ----------  ---------
sample: [7, 8, 2, 3, 9, 6, 4, 1, 5, 0]
replay_buffer._size: [3600 3600 3600 3600 3600 3600 3600 3600 3600 3600]
collect time 0.08086085319519043
time1 1.9606986045837402
inner_dict_sum {'sac_diff0': 0.47151827812194824, 'sac_diff1': 0.6139140129089355, 'sac_diff2': 0.5993392467498779, 'sac_diff3': 0.6365211009979248, 'sac_diff4': 0.6613280773162842, 'sac_diff5': 13.936269760131836}
diff5_list [0.06789135932922363, 0.06714868545532227, 0.06995391845703125, 0.06851887702941895, 0.06656646728515625, 0.06655669212341309, 0.0666356086730957, 0.06662344932556152, 0.06680488586425781, 0.06660223007202148, 0.06662797927856445, 0.06657862663269043, 0.06656908988952637, 0.06654834747314453, 0.06668615341186523, 0.06883478164672852, 0.06750345230102539, 0.0665273666381836, 0.06650233268737793, 0.06686115264892578, 0.06676316261291504, 0.06676745414733887, 0.0665750503540039, 0.06873011589050293, 0.06689882278442383, 0.1866321563720703, 0.18918085098266602, 0.0668175220489502, 0.06685972213745117, 0.06679391860961914, 0.06692910194396973, 0.06682682037353516, 0.06672215461730957, 0.06664419174194336, 0.0713648796081543, 0.06681251525878906, 0.06679987907409668, 0.06676411628723145, 0.06667065620422363, 0.06682133674621582, 0.06669783592224121, 0.06858015060424805, 0.06838369369506836, 0.06667232513427734, 0.06655263900756836, 0.06672978401184082, 0.06664681434631348, 0.066802978515625, 0.06662988662719727, 0.06668353080749512, 0.06670689582824707, 0.0666813850402832, 0.06833457946777344, 0.06705284118652344, 0.06889748573303223, 0.06698298454284668, 0.06671142578125, 0.06661725044250488, 0.06713557243347168, 0.06657099723815918, 0.06687211990356445, 0.06682372093200684, 0.06818675994873047, 0.06671953201293945, 0.06877565383911133, 0.06695246696472168, 0.06702136993408203, 0.06683111190795898, 0.06671929359436035, 0.06688880920410156, 0.06735539436340332, 0.06671905517578125, 0.06665730476379395, 0.06700634956359863, 0.06693172454833984, 0.06855916976928711, 0.0668635368347168, 0.0666191577911377, 0.06672167778015137, 0.06666159629821777, 0.06669044494628906, 0.0667257308959961, 0.06667566299438477, 0.06677412986755371, 0.06839489936828613, 0.06827521324157715, 0.06673312187194824, 0.06682109832763672, 0.06798386573791504, 0.06648588180541992, 0.06685590744018555, 0.06653141975402832, 0.06686878204345703, 0.06671261787414551, 0.06658029556274414, 0.06692624092102051, 0.06672453880310059, 0.06874871253967285, 0.06685185432434082, 0.06676197052001953, 0.06672096252441406, 0.06722331047058105, 0.06660223007202148, 0.06678247451782227, 0.06675028800964355, 0.06809687614440918, 0.06955718994140625, 0.0688023567199707, 0.06751012802124023, 0.067047119140625, 0.06681251525878906, 0.06675100326538086, 0.06667637825012207, 0.06664514541625977, 0.06670999526977539, 0.06671524047851562, 0.06692266464233398, 0.06688618659973145, 0.06990766525268555, 0.06685829162597656, 0.0666494369506836, 0.0668039321899414, 0.06703543663024902, 0.06681990623474121, 0.0668342113494873, 0.06674718856811523, 0.06664490699768066, 0.06812930107116699, 0.06830954551696777, 0.06672048568725586, 0.06703591346740723, 0.06671524047851562, 0.06684494018554688, 0.06694412231445312, 0.06666421890258789, 0.06688141822814941, 0.0666358470916748, 0.06678414344787598, 0.06687211990356445, 0.06668591499328613, 0.06907248497009277, 0.0669558048248291, 0.06665277481079102, 0.06663346290588379, 0.06696510314941406, 0.06672143936157227, 0.06668949127197266, 0.06670498847961426, 0.06801390647888184, 0.06696629524230957, 0.06883478164672852, 0.0668494701385498, 0.06673049926757812, 0.06670475006103516, 0.06658697128295898, 0.06662654876708984, 0.0665884017944336, 0.0666358470916748, 0.06676077842712402, 0.06705975532531738, 0.06698751449584961, 0.06664705276489258, 0.06920981407165527, 0.06715869903564453, 0.06668972969055176, 0.0666966438293457, 0.0666050910949707, 0.06673288345336914, 0.0667104721069336, 0.06669330596923828, 0.06826400756835938, 0.06821990013122559, 0.06671690940856934, 0.0668489933013916, 0.06677055358886719, 0.06670880317687988, 0.06684470176696777, 0.0667107105255127, 0.0673513412475586, 0.06674766540527344, 0.06727361679077148, 0.08305573463439941, 0.2039961814880371, 0.1921553611755371, 0.06674504280090332, 0.06669092178344727, 0.06667399406433105, 0.0667722225189209, 0.06695318222045898, 0.06902647018432617, 0.06676864624023438, 0.0665884017944336, 0.06680083274841309, 0.06689572334289551, 0.06703734397888184, 0.06689810752868652, 0.06676578521728516, 0.06668996810913086, 0.06682276725769043, 0.06685972213745117]
time3 0
time5 18.55687141418457
time7 9.5367431640625e-07
gen_weight_change tensor(-20.0718, device='cuda:0')
train_time 24.495394945144653
eval time 0.04894828796386719
2023-12-05 16:34:41,868 MainThread INFO: EPOCH:2
2023-12-05 16:34:41,869 MainThread INFO: Time Consumed:24.629209518432617s
2023-12-05 16:34:41,869 MainThread INFO: Total Frames:34500s
  0%|          | 3/10000 [03:31<155:49:47, 56.12s/it]------------------------------------  -----------  ---------  ----------  ---------
Name                                  Value
Running_Average_Rewards               1113.64117
Train_Epoch_Reward                    17802.75693
Running_Training_Average_Rewards      1374.16224
Explore_Time                          0.07993
Train___Time                          24.49539
Eval____Time                          0.04895
button-press-topdown-v1_success_rate  0.00000
button-press-topdown-v1_eval_rewards  -51.79353
6                                     0.00000
door-v1_success_rate                  0.00000
door-v1_eval_rewards                  -42.85902
3                                     0.00000
drawer-close-v1_success_rate          0.00000
drawer-close-v1_eval_rewards          -16.95631
5                                     0.00000
drawer-open-v1_success_rate           0.00000
drawer-open-v1_eval_rewards           -24.63650
4                                     0.00000
ped-insert-side-v1_success_rate       0.00000
ped-insert-side-v1_eval_rewards       -20.40731
7                                     0.00000
pick-place-v1_success_rate            0.00000
pick-place-v1_eval_rewards            -21.31956
2                                     0.00000
push-v1_success_rate                  0.00000
push-v1_eval_rewards                  -20.08912
1                                     0.00000
reach-v1_success_rate                 0.00000
reach-v1_eval_rewards                 11389.27719
0                                     0.00000
window-close-v1_success_rate          0.00000
window-close-v1_eval_rewards          -28.21291
9                                     0.00000
window-open-v1_success_rate           0.00000
window-open-v1_eval_rewards           -26.59119
8                                     0.00000
mean_success_rate                     0.00000

Name                                  Mean         Std        Max         Min
Reward_Mean                           7.95955      0.42390    9.06311     6.92128
alpha_0                               0.95124      0.00538    0.96065     0.94208
alpha_1                               0.95115      0.00549    0.96064     0.94172
alpha_2                               0.95115      0.00549    0.96065     0.94172
alpha_3                               0.95116      0.00549    0.96066     0.94172
alpha_4                               0.95116      0.00549    0.96065     0.94173
alpha_5                               0.95116      0.00549    0.96065     0.94173
alpha_6                               0.95116      0.00549    0.96066     0.94173
alpha_7                               0.95115      0.00549    0.96065     0.94173
alpha_8                               0.95115      0.00549    0.96065     0.94173
alpha_9                               0.95116      0.00549    0.96065     0.94173
Alpha_loss                            -0.33561     0.03809    -0.26955    -0.40246
Training/policy_loss                  -12.04631    3.53592    -6.20043    -16.44709
Training/qf1_loss                     466.74026    211.29410  1013.87793  204.52696
Training/qf2_loss                     513.60721    234.47466  1082.63232  203.97940
Training/pf_norm                      0.22375      0.07070    0.56171     0.13504
Training/qf1_norm                     364.29249    218.95732  824.90338   18.56183
Training/qf2_norm                     478.38107    270.00819  1010.36230  17.50559
log_std/mean                          -0.11165     0.00580    -0.10034    -0.12436
log_std/std                           0.01316      0.00637    0.02704     0.00613
log_std/max                           -0.07130     0.03283    -0.00201    -0.10377
log_std/min                           -0.14182     0.01415    -0.12410    -0.17332
log_probs/mean                        -2.71557     0.02267    -2.66343    -2.74863
log_probs/std                         0.31719      0.07554    0.52241     0.23021
log_probs/max                         -1.26147     0.86763    1.00444     -2.15609
log_probs/min                         -4.94841     0.69581    -3.68712    -7.77270
mean/mean                             0.00538      0.01579    0.03268     -0.03596
mean/std                              0.06678      0.04745    0.15074     0.01018
mean/max                              0.30731      0.28488    0.78945     0.01803
mean/min                              -0.11735     0.09923    -0.01794    -0.35393
------------------------------------  -----------  ---------  ----------  ---------
sample: [6, 8, 9, 5, 4, 1, 7, 2, 0, 3]
replay_buffer._size: [3750 3750 3750 3750 3750 3750 3750 3750 3750 3750]
collect time 0.06915783882141113
time1 1.9868316650390625
inner_dict_sum {'sac_diff0': 0.6010041236877441, 'sac_diff1': 0.8856332302093506, 'sac_diff2': 0.8730275630950928, 'sac_diff3': 0.6384210586547852, 'sac_diff4': 0.6784732341766357, 'sac_diff5': 14.989105224609375}
diff5_list [0.3671092987060547, 0.24250125885009766, 0.25157737731933594, 0.37243103981018066, 0.1430959701538086, 0.09024453163146973, 0.06704163551330566, 0.06680059432983398, 0.06682610511779785, 0.06676173210144043, 0.06690406799316406, 0.06673574447631836, 0.06674933433532715, 0.06677770614624023, 0.0665287971496582, 0.06660652160644531, 0.06659626960754395, 0.07293462753295898, 0.16875410079956055, 0.1990349292755127, 0.0955665111541748, 0.06684756278991699, 0.0667567253112793, 0.06661200523376465, 0.0669107437133789, 0.06695699691772461, 0.06683158874511719, 0.06990671157836914, 0.06661558151245117, 0.06657862663269043, 0.06694817543029785, 0.06683540344238281, 0.06671452522277832, 0.06668829917907715, 0.06676864624023438, 0.06849956512451172, 0.06679296493530273, 0.06741690635681152, 0.0669560432434082, 0.0675513744354248, 0.06654858589172363, 0.06665349006652832, 0.06659984588623047, 0.0665597915649414, 0.06667423248291016, 0.06691813468933105, 0.06684470176696777, 0.06713104248046875, 0.0666968822479248, 0.06683921813964844, 0.06669449806213379, 0.06672859191894531, 0.06678056716918945, 0.06670880317687988, 0.06682682037353516, 0.0666203498840332, 0.06885194778442383, 0.06674075126647949, 0.0690009593963623, 0.06696200370788574, 0.0667881965637207, 0.06669425964355469, 0.06671762466430664, 0.06671547889709473, 0.06673336029052734, 0.06664896011352539, 0.06668806076049805, 0.0669400691986084, 0.0667726993560791, 0.06690859794616699, 0.06783914566040039, 0.0666193962097168, 0.06672906875610352, 0.06675481796264648, 0.06685090065002441, 0.0667414665222168, 0.0667412281036377, 0.06690454483032227, 0.07028818130493164, 0.06676912307739258, 0.06752514839172363, 0.0669400691986084, 0.06668591499328613, 0.06661415100097656, 0.06663107872009277, 0.0665128231048584, 0.0667421817779541, 0.06664824485778809, 0.06703329086303711, 0.06683063507080078, 0.06674385070800781, 0.06672859191894531, 0.06670475006103516, 0.06667137145996094, 0.06751680374145508, 0.06691956520080566, 0.0666499137878418, 0.06655287742614746, 0.06666040420532227, 0.06868290901184082, 0.06696271896362305, 0.0689399242401123, 0.06694293022155762, 0.0667257308959961, 0.06672215461730957, 0.06674933433532715, 0.06694817543029785, 0.0667409896850586, 0.06665968894958496, 0.06687378883361816, 0.06728601455688477, 0.06668806076049805, 0.06729602813720703, 0.06683802604675293, 0.06670355796813965, 0.06678009033203125, 0.06699180603027344, 0.06680631637573242, 0.06688499450683594, 0.06675434112548828, 0.06687402725219727, 0.07010579109191895, 0.06674957275390625, 0.06819438934326172, 0.06704330444335938, 0.0667881965637207, 0.06675887107849121, 0.06680846214294434, 0.06670999526977539, 0.0667729377746582, 0.06677103042602539, 0.06697845458984375, 0.06686639785766602, 0.06687784194946289, 0.06675338745117188, 0.06673741340637207, 0.06656408309936523, 0.0665438175201416, 0.06678605079650879, 0.06666970252990723, 0.06650376319885254, 0.06673979759216309, 0.06879472732543945, 0.06700611114501953, 0.06930756568908691, 0.06697964668273926, 0.06665921211242676, 0.06672334671020508, 0.06676650047302246, 0.06688165664672852, 0.06668591499328613, 0.06654763221740723, 0.0666964054107666, 0.06669926643371582, 0.06669735908508301, 0.06711244583129883, 0.06685304641723633, 0.06661009788513184, 0.06663227081298828, 0.06664490699768066, 0.06676316261291504, 0.06680941581726074, 0.06735610961914062, 0.0668940544128418, 0.07090592384338379, 0.0667729377746582, 0.06765437126159668, 0.06674885749816895, 0.06662178039550781, 0.06670856475830078, 0.06670427322387695, 0.06657195091247559, 0.06668400764465332, 0.06674647331237793, 0.06691169738769531, 0.1706831455230713, 0.20005011558532715, 0.09217453002929688, 0.0668342113494873, 0.06663918495178223, 0.06669068336486816, 0.06663060188293457, 0.06706619262695312, 0.06827592849731445, 0.06699967384338379, 0.06686091423034668, 0.06675195693969727, 0.0666954517364502, 0.06709074974060059, 0.06673717498779297, 0.06663632392883301, 0.0667579174041748, 0.06652069091796875, 0.06659579277038574, 0.06704139709472656, 0.06686639785766602, 0.06662988662719727, 0.0665738582611084, 0.06663179397583008, 0.06663942337036133]
time3 0
time5 20.600088357925415
time7 1.1920928955078125e-06
gen_weight_change tensor(-20.0718, device='cuda:0')
train_time 29.425038814544678
eval time 0.05172228813171387
snapshot at best
2023-12-05 16:35:17,096 MainThread INFO: EPOCH:3
2023-12-05 16:35:17,097 MainThread INFO: Time Consumed:34.17715287208557s
2023-12-05 16:35:17,097 MainThread INFO: Total Frames:36000s
  0%|          | 4/10000 [04:06<132:43:34, 47.80s/it]------------------------------------  -----------  ---------  ----------  ---------
Name                                  Value
Running_Average_Rewards               1381.59480
Train_Epoch_Reward                    14502.45382
Running_Training_Average_Rewards      1744.73374
Explore_Time                          0.06816
Train___Time                          29.42504
Eval____Time                          0.05172
button-press-topdown-v1_success_rate  0.00000
button-press-topdown-v1_eval_rewards  -47.87115
6                                     0.00000
door-v1_success_rate                  0.00000
door-v1_eval_rewards                  -42.17688
3                                     0.00000
drawer-close-v1_success_rate          0.00000
drawer-close-v1_eval_rewards          -18.60146
5                                     0.00000
drawer-open-v1_success_rate           0.00000
drawer-open-v1_eval_rewards           -22.48597
4                                     0.00000
ped-insert-side-v1_success_rate       0.00000
ped-insert-side-v1_eval_rewards       -20.23284
7                                     0.00000
pick-place-v1_success_rate            0.00000
pick-place-v1_eval_rewards            -21.25469
2                                     0.00000
push-v1_success_rate                  0.00000
push-v1_eval_rewards                  -20.23184
1                                     0.00000
reach-v1_success_rate                 0.00000
reach-v1_eval_rewards                 14061.19501
0                                     0.00000
window-close-v1_success_rate          0.00000
window-close-v1_eval_rewards          -27.76611
9                                     0.00000
window-open-v1_success_rate           0.00000
window-open-v1_eval_rewards           -24.62602
8                                     0.00000
mean_success_rate                     0.00000

Name                                  Mean         Std        Max         Min
Reward_Mean                           8.58520      0.57001    10.26442    7.42539
alpha_0                               0.93262      0.00540    0.94199     0.92340
alpha_1                               0.93232      0.00538    0.94162     0.92308
alpha_2                               0.93232      0.00538    0.94162     0.92307
alpha_3                               0.93233      0.00538    0.94163     0.92309
alpha_4                               0.93232      0.00538    0.94163     0.92309
alpha_5                               0.93233      0.00538    0.94163     0.92309
alpha_6                               0.93232      0.00538    0.94163     0.92308
alpha_7                               0.93233      0.00538    0.94163     0.92308
alpha_8                               0.93233      0.00538    0.94163     0.92309
alpha_9                               0.93234      0.00538    0.94164     0.92310
Alpha_loss                            -0.47031     0.03827    -0.40345    -0.53450
Training/policy_loss                  -16.82175    4.18511    -8.79512    -21.50339
Training/qf1_loss                     638.32546    284.64217  1768.39453  236.13394
Training/qf2_loss                     663.72628    301.09497  1827.80554  235.09427
Training/pf_norm                      0.18324      0.03408    0.33488     0.11312
Training/qf1_norm                     413.66104    234.07877  877.24585   28.53678
Training/qf2_norm                     469.49878    266.48070  992.51794   20.90030
log_std/mean                          -0.10436     0.00512    -0.09589    -0.11424
log_std/std                           0.01035      0.00257    0.01408     0.00651
log_std/max                           -0.07758     0.01321    -0.05567    -0.09618
log_std/min                           -0.12756     0.00618    -0.11954    -0.15745
log_probs/mean                        -2.72344     0.01135    -2.67261    -2.74065
log_probs/std                         0.29120      0.03325    0.42080     0.23937
log_probs/max                         -1.58815     0.47478    0.00410     -2.12627
log_probs/min                         -4.83606     0.63584    -3.77062    -7.90208
mean/mean                             -0.02729     0.01168    -0.00964    -0.06036
mean/std                              0.03944      0.02852    0.11629     0.00730
mean/max                              0.03874      0.04478    0.15159     -0.00987
mean/min                              -0.14969     0.12215    -0.03455    -0.58831
------------------------------------  -----------  ---------  ----------  ---------
sample: [3, 6, 4, 9, 1, 8, 7, 0, 5, 2]
replay_buffer._size: [3900 3900 3900 3900 3900 3900 3900 3900 3900 3900]
collect time 0.06612634658813477
time1 2.098160743713379
inner_dict_sum {'sac_diff0': 0.4765031337738037, 'sac_diff1': 0.6112520694732666, 'sac_diff2': 0.5860662460327148, 'sac_diff3': 0.6394541263580322, 'sac_diff4': 0.6733934879302979, 'sac_diff5': 13.92720341682434}
diff5_list [0.06782221794128418, 0.0671987533569336, 0.06804633140563965, 0.06686186790466309, 0.06741929054260254, 0.11833834648132324, 0.19207167625427246, 0.15131902694702148, 0.06682968139648438, 0.06664657592773438, 0.06667518615722656, 0.06662392616271973, 0.06676983833312988, 0.06677412986755371, 0.06698203086853027, 0.06670355796813965, 0.0667734146118164, 0.06676530838012695, 0.06678962707519531, 0.06690597534179688, 0.0667870044708252, 0.0667264461517334, 0.0667581558227539, 0.06925511360168457, 0.0666956901550293, 0.06714510917663574, 0.06711769104003906, 0.06670451164245605, 0.06761670112609863, 0.06682538986206055, 0.0701913833618164, 0.06667447090148926, 0.06664657592773438, 0.06677722930908203, 0.06662368774414062, 0.06680607795715332, 0.06718754768371582, 0.06677651405334473, 0.06661748886108398, 0.06652140617370605, 0.06671690940856934, 0.06723999977111816, 0.06676483154296875, 0.06689810752868652, 0.06821680068969727, 0.06670141220092773, 0.06685161590576172, 0.06692171096801758, 0.06692004203796387, 0.06741881370544434, 0.0667107105255127, 0.06672024726867676, 0.06668996810913086, 0.06652379035949707, 0.06751489639282227, 0.06692934036254883, 0.06675481796264648, 0.06686186790466309, 0.06675338745117188, 0.06996488571166992, 0.06666684150695801, 0.06675338745117188, 0.06694626808166504, 0.06664896011352539, 0.06684446334838867, 0.06675839424133301, 0.06801366806030273, 0.06673073768615723, 0.06722784042358398, 0.06702589988708496, 0.0667717456817627, 0.06745123863220215, 0.06676745414733887, 0.06993794441223145, 0.06662344932556152, 0.06694936752319336, 0.06682991981506348, 0.0666360855102539, 0.06674313545227051, 0.0667567253112793, 0.06673216819763184, 0.06662654876708984, 0.06671953201293945, 0.06669449806213379, 0.06692218780517578, 0.06757640838623047, 0.06693434715270996, 0.06810712814331055, 0.06686735153198242, 0.06718826293945312, 0.06728672981262207, 0.0671546459197998, 0.06761980056762695, 0.06685495376586914, 0.06698012351989746, 0.06688475608825684, 0.06719851493835449, 0.06688714027404785, 0.06686878204345703, 0.06683635711669922, 0.06719756126403809, 0.0668790340423584, 0.06673336029052734, 0.06657075881958008, 0.0667886734008789, 0.06698226928710938, 0.06671500205993652, 0.06684136390686035, 0.06681704521179199, 0.06665635108947754, 0.06691265106201172, 0.06709027290344238, 0.06790423393249512, 0.06658411026000977, 0.06655240058898926, 0.06743526458740234, 0.07001066207885742, 0.0668792724609375, 0.06659626960754395, 0.06690120697021484, 0.06664729118347168, 0.06693410873413086, 0.06681084632873535, 0.06697249412536621, 0.06673836708068848, 0.06667876243591309, 0.06684017181396484, 0.06690192222595215, 0.06693363189697266, 0.06671738624572754, 0.06797552108764648, 0.06674456596374512, 0.0669093132019043, 0.06677412986755371, 0.06673717498779297, 0.06741762161254883, 0.0666952133178711, 0.06818389892578125, 0.06864356994628906, 0.06687092781066895, 0.0668632984161377, 0.06667089462280273, 0.06677436828613281, 0.06712937355041504, 0.06672310829162598, 0.06678414344787598, 0.06752204895019531, 0.06664848327636719, 0.06677055358886719, 0.06669855117797852, 0.06677913665771484, 0.06685495376586914, 0.06675148010253906, 0.06698298454284668, 0.06695413589477539, 0.06713652610778809, 0.06683683395385742, 0.06661295890808105, 0.0666956901550293, 0.06798768043518066, 0.06675362586975098, 0.06665539741516113, 0.20107102394104004, 0.18688178062438965, 0.0746147632598877, 0.06679248809814453, 0.06675362586975098, 0.06698966026306152, 0.0667717456817627, 0.06810545921325684, 0.0667264461517334, 0.06686258316040039, 0.06685781478881836, 0.06703042984008789, 0.0673518180847168, 0.06674027442932129, 0.06663274765014648, 0.06930232048034668, 0.06673812866210938, 0.06675195693969727, 0.06676769256591797, 0.06670165061950684, 0.06702518463134766, 0.06678032875061035, 0.06672835350036621, 0.0666811466217041, 0.06684231758117676, 0.06683731079101562, 0.06681227684020996, 0.06673002243041992, 0.06677913665771484, 0.06664466857910156, 0.06670355796813965, 0.0670323371887207, 0.06671524047851562, 0.06659817695617676, 0.06737923622131348, 0.06693291664123535, 0.06805658340454102, 0.06685042381286621]
time3 0
time5 18.570907831192017
time7 9.5367431640625e-07
gen_weight_change tensor(-20.0718, device='cuda:0')
train_time 25.608397006988525
eval time 0.05088543891906738
2023-12-05 16:35:43,700 MainThread INFO: EPOCH:4
2023-12-05 16:35:43,700 MainThread INFO: Time Consumed:25.729297876358032s
2023-12-05 16:35:43,701 MainThread INFO: Total Frames:37500s
  0%|          | 5/10000 [04:32<111:40:24, 40.22s/it]------------------------------------  ----------  ---------  ----------  ---------
Name                                  Value
Running_Average_Rewards               785.94793
Train_Epoch_Reward                    5449.63253
Running_Training_Average_Rewards      1258.49478
Explore_Time                          0.06533
Train___Time                          25.60840
Eval____Time                          0.05089
button-press-topdown-v1_success_rate  0.00000
button-press-topdown-v1_eval_rewards  -51.54993
6                                     0.00000
door-v1_success_rate                  0.00000
door-v1_eval_rewards                  -47.44633
3                                     0.00000
drawer-close-v1_success_rate          0.00000
drawer-close-v1_eval_rewards          -14.15104
5                                     0.00000
drawer-open-v1_success_rate           0.00000
drawer-open-v1_eval_rewards           -25.52621
4                                     0.00000
ped-insert-side-v1_success_rate       0.00000
ped-insert-side-v1_eval_rewards       -18.99807
7                                     0.00000
pick-place-v1_success_rate            0.00000
pick-place-v1_eval_rewards            -16.95305
2                                     0.00000
push-v1_success_rate                  0.00000
push-v1_eval_rewards                  -16.46065
1                                     0.00000
reach-v1_success_rate                 0.00000
reach-v1_eval_rewards                 8110.71330
0                                     0.00000
window-close-v1_success_rate          0.00000
window-close-v1_eval_rewards          -33.01139
9                                     0.00000
window-open-v1_success_rate           0.00000
window-open-v1_eval_rewards           -27.13731
8                                     0.00000
mean_success_rate                     0.00000

Name                                  Mean        Std        Max         Min
Reward_Mean                           8.42747     0.57465    10.01931    6.80997
alpha_0                               0.91417     0.00529    0.92331     0.90509
alpha_1                               0.91388     0.00527    0.92299     0.90482
alpha_2                               0.91386     0.00527    0.92298     0.90480
alpha_3                               0.91388     0.00527    0.92299     0.90482
alpha_4                               0.91387     0.00528    0.92299     0.90481
alpha_5                               0.91389     0.00527    0.92300     0.90484
alpha_6                               0.91387     0.00527    0.92299     0.90482
alpha_7                               0.91388     0.00527    0.92299     0.90482
alpha_8                               0.91387     0.00527    0.92299     0.90482
alpha_9                               0.91389     0.00527    0.92301     0.90484
Alpha_loss                            -0.60439    0.03857    -0.53834    -0.67188
Training/policy_loss                  -21.08222   3.81563    -12.79292   -25.63077
Training/qf1_loss                     575.88678   250.92379  1507.58533  220.21146
Training/qf2_loss                     614.76351   270.11641  1562.98669  220.23347
Training/pf_norm                      0.19807     0.02863    0.30595     0.12965
Training/qf1_norm                     387.81803   257.88654  853.31714   28.51168
Training/qf2_norm                     444.75704   272.51856  1021.32428  30.06663
log_std/mean                          -0.09780    0.00587    -0.08698    -0.11422
log_std/std                           0.01145     0.00172    0.01421     0.00796
log_std/max                           -0.07152    0.01082    -0.04985    -0.09188
log_std/min                           -0.12325    0.00939    -0.11157    -0.15498
log_probs/mean                        -2.71979    0.01041    -2.68927    -2.75061
log_probs/std                         0.30287     0.01740    0.34179     0.25821
log_probs/max                         -1.62172    0.19952    -0.90333    -1.97253
log_probs/min                         -4.85273    0.67371    -3.74925    -7.50144
mean/mean                             -0.02569    0.00741    -0.01564    -0.05085
mean/std                              0.05300     0.01401    0.07233     0.02779
mean/max                              0.07839     0.04347    0.15964     0.01182
mean/min                              -0.19404    0.07873    -0.08921    -0.32049
------------------------------------  ----------  ---------  ----------  ---------
sample: [5, 3, 8, 2, 9, 6, 4, 7, 1, 0]
replay_buffer._size: [4050 4050 4050 4050 4050 4050 4050 4050 4050 4050]
collect time 0.09258151054382324
time1 1.9137792587280273
inner_dict_sum {'sac_diff0': 0.4836137294769287, 'sac_diff1': 0.7504293918609619, 'sac_diff2': 0.9941482543945312, 'sac_diff3': 0.7727928161621094, 'sac_diff4': 0.6852211952209473, 'sac_diff5': 14.909903287887573}
diff5_list [0.36724400520324707, 0.4086122512817383, 0.40634608268737793, 0.1919248104095459, 0.15822768211364746, 0.11906743049621582, 0.06674528121948242, 0.0678410530090332, 0.066986083984375, 0.06675171852111816, 0.06678986549377441, 0.06708478927612305, 0.06673121452331543, 0.0668332576751709, 0.06695055961608887, 0.06676816940307617, 0.06673979759216309, 0.06677484512329102, 0.0667266845703125, 0.06708574295043945, 0.06661701202392578, 0.06661033630371094, 0.06711053848266602, 0.0667262077331543, 0.06674933433532715, 0.06830739974975586, 0.06683731079101562, 0.06856656074523926, 0.06661033630371094, 0.06652402877807617, 0.06682395935058594, 0.0670166015625, 0.06659126281738281, 0.06666350364685059, 0.0666816234588623, 0.06680965423583984, 0.06671428680419922, 0.0668032169342041, 0.06920552253723145, 0.06803226470947266, 0.06696271896362305, 0.06686949729919434, 0.06695246696472168, 0.06705760955810547, 0.06769514083862305, 0.06676435470581055, 0.0667567253112793, 0.06677055358886719, 0.06862902641296387, 0.06658124923706055, 0.0666806697845459, 0.0671234130859375, 0.06680607795715332, 0.06676435470581055, 0.0685267448425293, 0.06677675247192383, 0.06666016578674316, 0.06687140464782715, 0.06702113151550293, 0.06668996810913086, 0.06799483299255371, 0.06667685508728027, 0.06673431396484375, 0.06685280799865723, 0.06679463386535645, 0.06749415397644043, 0.06675577163696289, 0.06667518615722656, 0.06807518005371094, 0.06763052940368652, 0.06684136390686035, 0.06661105155944824, 0.06696629524230957, 0.0667409896850586, 0.06688165664672852, 0.06694173812866211, 0.0665438175201416, 0.0667569637298584, 0.06677913665771484, 0.06668615341186523, 0.06674957275390625, 0.06672263145446777, 0.06808805465698242, 0.06695008277893066, 0.06673455238342285, 0.06717634201049805, 0.06714344024658203, 0.06670665740966797, 0.06678581237792969, 0.06799030303955078, 0.0667870044708252, 0.07192158699035645, 0.06673741340637207, 0.06671953201293945, 0.06672978401184082, 0.06687808036804199, 0.0666811466217041, 0.06666779518127441, 0.06667423248291016, 0.0666801929473877, 0.06740856170654297, 0.06694602966308594, 0.06676626205444336, 0.06806468963623047, 0.06727027893066406, 0.06697535514831543, 0.06703066825866699, 0.06715941429138184, 0.06760430335998535, 0.06686568260192871, 0.06679296493530273, 0.06688141822814941, 0.06684732437133789, 0.06671261787414551, 0.06667852401733398, 0.06696629524230957, 0.06658482551574707, 0.06652021408081055, 0.06689000129699707, 0.0666511058807373, 0.06685376167297363, 0.06681990623474121, 0.06700015068054199, 0.06691431999206543, 0.06676840782165527, 0.06669354438781738, 0.06676650047302246, 0.06686758995056152, 0.0666806697845459, 0.06782078742980957, 0.06676959991455078, 0.06841301918029785, 0.06820535659790039, 0.06677436828613281, 0.06876587867736816, 0.06658005714416504, 0.06673479080200195, 0.0666968822479248, 0.06700253486633301, 0.06662726402282715, 0.06675219535827637, 0.06676387786865234, 0.06672048568725586, 0.06685376167297363, 0.06693005561828613, 0.06670355796813965, 0.0679018497467041, 0.06686210632324219, 0.0667569637298584, 0.06696748733520508, 0.0670783519744873, 0.06728172302246094, 0.06664896011352539, 0.06684494018554688, 0.0674283504486084, 0.10292649269104004, 0.18551397323608398, 0.17133522033691406, 0.06665754318237305, 0.06672787666320801, 0.06678915023803711, 0.06669163703918457, 0.0667569637298584, 0.06684136390686035, 0.06658411026000977, 0.06670737266540527, 0.0665898323059082, 0.06670904159545898, 0.0672154426574707, 0.06685757637023926, 0.06661772727966309, 0.06817626953125, 0.06667494773864746, 0.06877303123474121, 0.06658506393432617, 0.06684589385986328, 0.06685662269592285, 0.0669093132019043, 0.0667579174041748, 0.06682610511779785, 0.06669807434082031, 0.0666658878326416, 0.0668482780456543, 0.0666966438293457, 0.06667304039001465, 0.06792354583740234, 0.06686735153198242, 0.06682848930358887, 0.06694555282592773, 0.06703352928161621, 0.06755495071411133, 0.06680440902709961, 0.0667262077331543, 0.06701946258544922, 0.06695771217346191, 0.06682157516479492, 0.06683850288391113, 0.06677985191345215, 0.0666968822479248, 0.06658029556274414]
time3 0
time5 20.597454071044922
time7 7.152557373046875e-07
gen_weight_change tensor(-20.0718, device='cuda:0')
train_time 29.46546196937561
eval time 0.051743507385253906
2023-12-05 16:36:14,315 MainThread INFO: EPOCH:5
2023-12-05 16:36:14,540 MainThread INFO: Time Consumed:29.61488699913025s
2023-12-05 16:36:14,540 MainThread INFO: Total Frames:39000s
  0%|          | 6/10000 [05:03<102:35:55, 36.96s/it]------------------------------------  -----------  ---------  ----------  ---------
Name                                  Value
Running_Average_Rewards               238.33853
Train_Epoch_Reward                    35189.29336
Running_Training_Average_Rewards      1838.04599
Explore_Time                          0.09171
Train___Time                          29.46546
Eval____Time                          0.05174
button-press-topdown-v1_success_rate  0.00000
button-press-topdown-v1_eval_rewards  -60.33762
6                                     0.00000
door-v1_success_rate                  0.00000
door-v1_eval_rewards                  -51.05926
3                                     0.00000
drawer-close-v1_success_rate          0.00000
drawer-close-v1_eval_rewards          -10.92354
5                                     0.00000
drawer-open-v1_success_rate           0.00000
drawer-open-v1_eval_rewards           -32.64891
4                                     0.00000
ped-insert-side-v1_success_rate       0.00000
ped-insert-side-v1_eval_rewards       -27.41515
7                                     0.00000
pick-place-v1_success_rate            0.00000
pick-place-v1_eval_rewards            -29.90889
2                                     0.00000
push-v1_success_rate                  0.00000
push-v1_eval_rewards                  -18.42253
1                                     0.00000
reach-v1_success_rate                 0.00000
reach-v1_eval_rewards                 2684.08543
0                                     0.00000
window-close-v1_success_rate          0.00000
window-close-v1_eval_rewards          -35.65988
9                                     0.00000
window-open-v1_success_rate           0.00000
window-open-v1_eval_rewards           -34.32432
8                                     0.00000
mean_success_rate                     0.00000

Name                                  Mean         Std        Max         Min
Reward_Mean                           8.16422      0.58721    9.78071     6.64909
alpha_0                               0.89605      0.00514    0.90500     0.88739
alpha_1                               0.89580      0.00517    0.90473     0.88693
alpha_2                               0.89579      0.00516    0.90471     0.88694
alpha_3                               0.89580      0.00516    0.90473     0.88693
alpha_4                               0.89578      0.00517    0.90471     0.88690
alpha_5                               0.89584      0.00515    0.90475     0.88698
alpha_6                               0.89580      0.00517    0.90473     0.88692
alpha_7                               0.89581      0.00515    0.90473     0.88696
alpha_8                               0.89580      0.00516    0.90473     0.88693
alpha_9                               0.89582      0.00516    0.90475     0.88695
Alpha_loss                            -0.73618     0.03617    -0.67332    -0.79405
Training/policy_loss                  -26.11765    3.50007    -17.38323   -30.09785
Training/qf1_loss                     525.65235    220.21883  1166.63794  206.39603
Training/qf2_loss                     547.71766    238.83182  1223.18152  206.11681
Training/pf_norm                      0.20961      0.03719    0.31502     0.13561
Training/qf1_norm                     404.23474    302.18022  993.69556   16.62231
Training/qf2_norm                     397.60813    274.64433  967.43811   15.18036
log_std/mean                          -0.09639     0.00443    -0.08715    -0.10438
log_std/std                           0.01557      0.00896    0.03631     0.00602
log_std/max                           -0.06923     0.00814    -0.05452    -0.08700
log_std/min                           -0.14685     0.05626    -0.10919    -0.29024
log_probs/mean                        -2.69838     0.02792    -2.60902    -2.74570
log_probs/std                         0.36819      0.07174    0.57548     0.26761
log_probs/max                         -1.16997     0.65185    0.78743     -1.94925
log_probs/min                         -4.96481     0.69248    -3.70092    -7.42155
mean/mean                             -0.05375     0.01259    -0.03773    -0.07832
mean/std                              0.08498      0.04121    0.17929     0.02515
mean/max                              0.07152      0.03455    0.14101     0.00062
mean/min                              -0.37605     0.27100    -0.08267    -0.97072
------------------------------------  -----------  ---------  ----------  ---------
sample: [3, 1, 9, 4, 6, 2, 0, 8, 5, 7]
replay_buffer._size: [4200 4200 4200 4200 4200 4200 4200 4200 4200 4200]
collect time 0.09172844886779785
time1 1.9618549346923828
inner_dict_sum {'sac_diff0': 0.6201872825622559, 'sac_diff1': 0.6954569816589355, 'sac_diff2': 0.9412474632263184, 'sac_diff3': 0.7525436878204346, 'sac_diff4': 0.6453900337219238, 'sac_diff5': 14.92695689201355}
diff5_list [0.3828413486480713, 0.3213176727294922, 0.4992215633392334, 0.14979910850524902, 0.17772507667541504, 0.11618375778198242, 0.09400463104248047, 0.06725740432739258, 0.06714677810668945, 0.0666494369506836, 0.06683945655822754, 0.06664490699768066, 0.0670013427734375, 0.06690621376037598, 0.06666994094848633, 0.06681680679321289, 0.06830143928527832, 0.06659960746765137, 0.06699395179748535, 0.06662654876708984, 0.06695795059204102, 0.06674885749816895, 0.0667569637298584, 0.06662273406982422, 0.06694436073303223, 0.06700277328491211, 0.06680512428283691, 0.06702160835266113, 0.06884264945983887, 0.06668972969055176, 0.06803154945373535, 0.06707310676574707, 0.06673407554626465, 0.06689095497131348, 0.06678342819213867, 0.06758689880371094, 0.06679630279541016, 0.0667717456817627, 0.06700420379638672, 0.06678915023803711, 0.06671762466430664, 0.06658720970153809, 0.06668615341186523, 0.06654596328735352, 0.06678652763366699, 0.06679511070251465, 0.06682705879211426, 0.06665349006652832, 0.06685423851013184, 0.06862545013427734, 0.06689858436584473, 0.06798791885375977, 0.06684732437133789, 0.06673741340637207, 0.06673717498779297, 0.0666956901550293, 0.06810379028320312, 0.0669090747833252, 0.06671142578125, 0.06831860542297363, 0.06676530838012695, 0.06676340103149414, 0.0666499137878418, 0.0713198184967041, 0.06679940223693848, 0.06689310073852539, 0.0666501522064209, 0.06663703918457031, 0.06683230400085449, 0.06670403480529785, 0.06684470176696777, 0.06688690185546875, 0.06663131713867188, 0.0666654109954834, 0.06687569618225098, 0.06681704521179199, 0.06697845458984375, 0.06696796417236328, 0.06759142875671387, 0.06677412986755371, 0.06680035591125488, 0.06673216819763184, 0.06686830520629883, 0.06677055358886719, 0.06689739227294922, 0.06661796569824219, 0.06667590141296387, 0.06667852401733398, 0.06689643859863281, 0.06691384315490723, 0.06667876243591309, 0.06683564186096191, 0.06855511665344238, 0.06664419174194336, 0.06810760498046875, 0.06710076332092285, 0.06661629676818848, 0.06658339500427246, 0.0667109489440918, 0.06742167472839355, 0.06690597534179688, 0.06669092178344727, 0.06823921203613281, 0.06697940826416016, 0.06681537628173828, 0.06680750846862793, 0.06761288642883301, 0.06676864624023438, 0.06678581237792969, 0.06670451164245605, 0.06676244735717773, 0.06670737266540527, 0.06676220893859863, 0.06676530838012695, 0.0668787956237793, 0.06673312187194824, 0.06692790985107422, 0.06671929359436035, 0.06677389144897461, 0.06688427925109863, 0.06692647933959961, 0.06741929054260254, 0.06678652763366699, 0.06688690185546875, 0.06661343574523926, 0.06662845611572266, 0.06662416458129883, 0.06693649291992188, 0.06660676002502441, 0.06667256355285645, 0.0670938491821289, 0.06681966781616211, 0.06682753562927246, 0.06681632995605469, 0.06710290908813477, 0.06872439384460449, 0.06681013107299805, 0.06813693046569824, 0.06671333312988281, 0.06673336029052734, 0.06667065620422363, 0.0666046142578125, 0.06729745864868164, 0.06663393974304199, 0.06679415702819824, 0.0688176155090332, 0.16776156425476074, 0.1891920566558838, 0.09849786758422852, 0.06685686111450195, 0.0666806697845459, 0.06667542457580566, 0.06665873527526855, 0.06683969497680664, 0.06695246696472168, 0.06678414344787598, 0.06746673583984375, 0.0666053295135498, 0.06695199012756348, 0.06711411476135254, 0.06754755973815918, 0.06751132011413574, 0.06701207160949707, 0.06682825088500977, 0.06673169136047363, 0.06672024726867676, 0.0668942928314209, 0.06664347648620605, 0.06668400764465332, 0.06656789779663086, 0.06679105758666992, 0.06670498847961426, 0.06679797172546387, 0.06685709953308105, 0.07114148139953613, 0.0667271614074707, 0.06806492805480957, 0.06681180000305176, 0.06665754318237305, 0.06675291061401367, 0.06669068336486816, 0.06761670112609863, 0.06656408309936523, 0.0666358470916748, 0.06798720359802246, 0.06694817543029785, 0.06681251525878906, 0.06681180000305176, 0.0667562484741211, 0.06674337387084961, 0.06687092781066895, 0.06683588027954102, 0.06673502922058105, 0.06673526763916016, 0.06695342063903809, 0.06672239303588867, 0.0668795108795166, 0.06796669960021973, 0.06683349609375, 0.06686902046203613]
time3 0
time5 20.41442346572876
time7 9.5367431640625e-07
gen_weight_change tensor(-20.0718, device='cuda:0')
train_time 29.703169345855713
eval time 0.05132174491882324
2023-12-05 16:36:45,193 MainThread INFO: EPOCH:6
2023-12-05 16:36:45,430 MainThread INFO: Time Consumed:29.85007619857788s
2023-12-05 16:36:45,430 MainThread INFO: Total Frames:40500s
  0%|          | 7/10000 [05:34<97:03:10, 34.96s/it] ------------------------------------  -----------  ---------  ----------  ---------
Name                                  Value
Running_Average_Rewards               1166.39727
Train_Epoch_Reward                    6497.01467
Running_Training_Average_Rewards      1571.19802
Explore_Time                          0.09076
Train___Time                          29.70317
Eval____Time                          0.05132
button-press-topdown-v1_success_rate  0.00000
button-press-topdown-v1_eval_rewards  -53.57359
6                                     0.00000
door-v1_success_rate                  0.00000
door-v1_eval_rewards                  -50.20859
3                                     0.00000
drawer-close-v1_success_rate          0.00000
drawer-close-v1_eval_rewards          -20.68799
5                                     0.00000
drawer-open-v1_success_rate           0.00000
drawer-open-v1_eval_rewards           -26.57079
4                                     0.00000
ped-insert-side-v1_success_rate       0.00000
ped-insert-side-v1_eval_rewards       -20.04962
7                                     0.00000
pick-place-v1_success_rate            0.00000
pick-place-v1_eval_rewards            -23.16682
2                                     0.00000
push-v1_success_rate                  0.00000
push-v1_eval_rewards                  -23.53318
1                                     0.00000
reach-v1_success_rate                 0.00000
reach-v1_eval_rewards                 11940.31353
0                                     0.00000
window-close-v1_success_rate          0.00000
window-close-v1_eval_rewards          -35.62806
9                                     0.00000
window-open-v1_success_rate           0.00000
window-open-v1_eval_rewards           -22.92217
8                                     0.00000
mean_success_rate                     0.00000

Name                                  Mean         Std        Max         Min
Reward_Mean                           8.14832      0.58302    9.68206     6.57203
alpha_0                               0.87898      0.00475    0.88731     0.87079
alpha_1                               0.87810      0.00505    0.88684     0.86942
alpha_2                               0.87811      0.00505    0.88685     0.86943
alpha_3                               0.87809      0.00506    0.88685     0.86939
alpha_4                               0.87808      0.00505    0.88682     0.86940
alpha_5                               0.87817      0.00504    0.88689     0.86950
alpha_6                               0.87811      0.00505    0.88683     0.86942
alpha_7                               0.87814      0.00505    0.88687     0.86946
alpha_8                               0.87812      0.00504    0.88684     0.86944
alpha_9                               0.87811      0.00507    0.88686     0.86941
Alpha_loss                            -0.86398     0.03778    -0.80223    -0.93420
Training/policy_loss                  -30.62184    3.24207    -22.11426   -34.74131
Training/qf1_loss                     517.65685    241.47932  1327.84595  211.46599
Training/qf2_loss                     517.56142    239.43597  1323.04968  210.09000
Training/pf_norm                      0.23925      0.04436    0.38928     0.14575
Training/qf1_norm                     407.05659    320.01919  1131.38953  28.00038
Training/qf2_norm                     403.60771    308.94136  1127.22632  27.37700
log_std/mean                          -0.09179     0.00364    -0.08653    -0.10143
log_std/std                           0.02680      0.00951    0.03970     0.00857
log_std/max                           -0.06177     0.00775    -0.04374    -0.07729
log_std/min                           -0.22444     0.06543    -0.11072    -0.32541
log_probs/mean                        -2.65626     0.03237    -2.57669    -2.72250
log_probs/std                         0.47969      0.07255    0.65183     0.33580
log_probs/max                         -0.19817     0.73606    1.18466     -1.68119
log_probs/min                         -5.18438     0.56495    -4.15996    -6.81729
mean/mean                             -0.05017     0.03036    0.00772     -0.09126
mean/std                              0.14871      0.03755    0.19864     0.06992
mean/max                              0.29049      0.14916    0.52548     0.05899
mean/min                              -0.63756     0.21423    -0.18423    -0.94582
------------------------------------  -----------  ---------  ----------  ---------
sample: [7, 6, 9, 2, 0, 3, 1, 5, 8, 4]
replay_buffer._size: [4350 4350 4350 4350 4350 4350 4350 4350 4350 4350]
collect time 0.05923938751220703
time1 1.9356880187988281
inner_dict_sum {'sac_diff0': 0.504692554473877, 'sac_diff1': 0.857551097869873, 'sac_diff2': 0.9355857372283936, 'sac_diff3': 0.770885705947876, 'sac_diff4': 0.7823162078857422, 'sac_diff5': 14.616771697998047}
diff5_list [0.37264084815979004, 0.3171713352203369, 0.26164960861206055, 0.151930570602417, 0.11552309989929199, 0.10599231719970703, 0.09858441352844238, 0.06831979751586914, 0.06675124168395996, 0.06681609153747559, 0.06690669059753418, 0.06659770011901855, 0.06682014465332031, 0.06746768951416016, 0.0667881965637207, 0.06699061393737793, 0.06671619415283203, 0.06689047813415527, 0.06685543060302734, 0.0668339729309082, 0.06671619415283203, 0.06816887855529785, 0.06671786308288574, 0.06670737266540527, 0.06677794456481934, 0.06683778762817383, 0.06749773025512695, 0.0665736198425293, 0.06684637069702148, 0.06690406799316406, 0.06675076484680176, 0.06668949127197266, 0.06664752960205078, 0.06681180000305176, 0.06677389144897461, 0.06690764427185059, 0.06705951690673828, 0.06675148010253906, 0.06665158271789551, 0.06675982475280762, 0.06682348251342773, 0.06680703163146973, 0.06684398651123047, 0.0666208267211914, 0.0678558349609375, 0.06669354438781738, 0.06662726402282715, 0.06748151779174805, 0.06666278839111328, 0.06957006454467773, 0.06820797920227051, 0.06674385070800781, 0.06676840782165527, 0.06668782234191895, 0.0666658878326416, 0.0668494701385498, 0.06676888465881348, 0.06686568260192871, 0.06668305397033691, 0.06670308113098145, 0.06679010391235352, 0.06697940826416016, 0.06669831275939941, 0.0670168399810791, 0.0683431625366211, 0.0678703784942627, 0.06705641746520996, 0.06716632843017578, 0.06713628768920898, 0.0667107105255127, 0.06972241401672363, 0.0677025318145752, 0.06684565544128418, 0.06695771217346191, 0.06688261032104492, 0.06676983833312988, 0.06687021255493164, 0.06674599647521973, 0.06676626205444336, 0.06685042381286621, 0.06673240661621094, 0.06686592102050781, 0.0668172836303711, 0.06667351722717285, 0.06691670417785645, 0.06820988655090332, 0.06670928001403809, 0.06683635711669922, 0.06685853004455566, 0.06704282760620117, 0.06745195388793945, 0.0666952133178711, 0.06677818298339844, 0.06686162948608398, 0.06672978401184082, 0.06691408157348633, 0.06673502922058105, 0.06754732131958008, 0.06679821014404297, 0.06697535514831543, 0.06693077087402344, 0.06682062149047852, 0.06695985794067383, 0.0667116641998291, 0.06666111946105957, 0.06684017181396484, 0.06701898574829102, 0.06670665740966797, 0.06681370735168457, 0.06674861907958984, 0.06705284118652344, 0.06722879409790039, 0.06660962104797363, 0.06962800025939941, 0.06809115409851074, 0.06672453880310059, 0.06686973571777344, 0.06753945350646973, 0.06665420532226562, 0.06683349609375, 0.06671142578125, 0.06686067581176758, 0.06673312187194824, 0.06667375564575195, 0.06679654121398926, 0.0668799877166748, 0.06668329238891602, 0.0670936107635498, 0.06803154945373535, 0.06689667701721191, 0.06683897972106934, 0.06686568260192871, 0.06710529327392578, 0.06668496131896973, 0.06916117668151855, 0.06670427322387695, 0.1870100498199463, 0.2041335105895996, 0.0669257640838623, 0.06691694259643555, 0.06666827201843262, 0.06699013710021973, 0.06679940223693848, 0.0666801929473877, 0.06664657592773438, 0.06701922416687012, 0.0667276382446289, 0.06760954856872559, 0.06677889823913574, 0.06707024574279785, 0.06747579574584961, 0.06653857231140137, 0.06895685195922852, 0.06831860542297363, 0.0667581558227539, 0.06682729721069336, 0.06661844253540039, 0.06662750244140625, 0.0667259693145752, 0.06658172607421875, 0.06679630279541016, 0.06669044494628906, 0.06661772727966309, 0.06672358512878418, 0.06689739227294922, 0.06667780876159668, 0.0670318603515625, 0.0679171085357666, 0.06674909591674805, 0.06759142875671387, 0.06692147254943848, 0.06709647178649902, 0.06667947769165039, 0.06693816184997559, 0.06872010231018066, 0.06685662269592285, 0.06680655479431152, 0.06696820259094238, 0.0668187141418457, 0.06678438186645508, 0.06666302680969238, 0.0666666030883789, 0.06665349006652832, 0.0667121410369873, 0.06691932678222656, 0.06691098213195801, 0.06677055358886719, 0.06672811508178711, 0.06810426712036133, 0.06670403480529785, 0.06687045097351074, 0.06652116775512695, 0.06711983680725098, 0.06738996505737305, 0.06660747528076172, 0.06888890266418457, 0.06827950477600098, 0.06678199768066406, 0.06704163551330566, 0.06682562828063965]
time3 0
time5 20.32496953010559
time7 1.1920928955078125e-06
gen_weight_change tensor(-20.0718, device='cuda:0')
train_time 29.810521602630615
eval time 0.05135178565979004
snapshot at best
2023-12-05 16:37:21,231 MainThread INFO: EPOCH:7
2023-12-05 16:37:21,231 MainThread INFO: Time Consumed:34.996267318725586s
2023-12-05 16:37:21,231 MainThread INFO: Total Frames:42000s
  0%|          | 8/10000 [06:10<97:52:52, 35.27s/it]------------------------------------  -----------  ---------  ----------  ---------
Name                                  Value
Running_Average_Rewards               1741.74580
Train_Epoch_Reward                    2890.97757
Running_Training_Average_Rewards      1485.90952
Explore_Time                          0.05840
Train___Time                          29.81052
Eval____Time                          0.05135
button-press-topdown-v1_success_rate  0.00000
button-press-topdown-v1_eval_rewards  -50.80975
6                                     0.00000
door-v1_success_rate                  0.00000
door-v1_eval_rewards                  -53.69199
3                                     0.00000
drawer-close-v1_success_rate          0.00000
drawer-close-v1_eval_rewards          -22.87838
5                                     0.00000
drawer-open-v1_success_rate           0.00000
drawer-open-v1_eval_rewards           -24.71987
4                                     0.00000
ped-insert-side-v1_success_rate       0.00000
ped-insert-side-v1_eval_rewards       -28.15617
7                                     0.00000
pick-place-v1_success_rate            0.00000
pick-place-v1_eval_rewards            -38.82378
2                                     0.00000
push-v1_success_rate                  0.00000
push-v1_eval_rewards                  -25.87428
1                                     0.00000
reach-v1_success_rate                 0.00000
reach-v1_eval_rewards                 17720.44454
0                                     0.00000
window-close-v1_success_rate          0.00000
window-close-v1_eval_rewards          -38.47657
9                                     0.00000
window-open-v1_success_rate           0.00000
window-open-v1_eval_rewards           -19.55571
8                                     0.00000
mean_success_rate                     0.00000

Name                                  Mean         Std        Max         Min
Reward_Mean                           8.37914      0.58256    9.87511     6.82482
alpha_0                               0.86218      0.00483    0.87070     0.85417
alpha_1                               0.86075      0.00496    0.86934     0.85222
alpha_2                               0.86075      0.00496    0.86934     0.85222
alpha_3                               0.86074      0.00495    0.86931     0.85222
alpha_4                               0.86074      0.00495    0.86931     0.85224
alpha_5                               0.86088      0.00493    0.86941     0.85239
alpha_6                               0.86075      0.00496    0.86933     0.85223
alpha_7                               0.86082      0.00494    0.86937     0.85232
alpha_8                               0.86082      0.00493    0.86936     0.85233
alpha_9                               0.86076      0.00494    0.86932     0.85227
Alpha_loss                            -0.99516     0.03274    -0.93838    -1.05071
Training/policy_loss                  -36.56692    3.41577    -27.30681   -41.40763
Training/qf1_loss                     531.09943    239.77323  1599.89392  239.83037
Training/qf2_loss                     530.41355    233.01536  1571.72717  244.79662
Training/pf_norm                      0.25097      0.04769    0.46865     0.16329
Training/qf1_norm                     483.44091    447.14009  1711.42297  23.22104
Training/qf2_norm                     415.44523    343.34440  1286.27039  23.40872
log_std/mean                          -0.08568     0.00403    -0.07902    -0.09318
log_std/std                           0.03116      0.01457    0.05248     0.00703
log_std/max                           -0.04585     0.01168    -0.02998    -0.07446
log_std/min                           -0.20378     0.07113    -0.09992    -0.30736
log_probs/mean                        -2.64985     0.04200    -2.55889    -2.73323
log_probs/std                         0.49823      0.10543    0.74409     0.29577
log_probs/max                         -0.32880     0.89157    1.41040     -1.83970
log_probs/min                         -5.24100     0.86598    -3.90257    -8.27795
mean/mean                             0.01006      0.01647    0.03879     -0.01913
mean/std                              0.15996      0.05273    0.23352     0.05178
mean/max                              0.52503      0.25688    0.90084     0.07090
mean/min                              -0.42102     0.24735    -0.11293    -0.85165
------------------------------------  -----------  ---------  ----------  ---------
sample: [0, 2, 1, 3, 7, 8, 5, 9, 6, 4]
replay_buffer._size: [4500 4500 4500 4500 4500 4500 4500 4500 4500 4500]
collect time 0.06995487213134766
time1 1.9048373699188232
inner_dict_sum {'sac_diff0': 0.485459566116333, 'sac_diff1': 0.5772466659545898, 'sac_diff2': 0.5864040851593018, 'sac_diff3': 0.6391744613647461, 'sac_diff4': 0.6486151218414307, 'sac_diff5': 13.662262916564941}
diff5_list [0.06798267364501953, 0.06724071502685547, 0.06673288345336914, 0.06671857833862305, 0.06668400764465332, 0.06722545623779297, 0.06810164451599121, 0.06672453880310059, 0.0665128231048584, 0.06676864624023438, 0.06704115867614746, 0.06690096855163574, 0.06688451766967773, 0.06690382957458496, 0.06815719604492188, 0.06660652160644531, 0.06678509712219238, 0.06670188903808594, 0.06668305397033691, 0.0667567253112793, 0.0667264461517334, 0.06949210166931152, 0.06692123413085938, 0.06668877601623535, 0.06684446334838867, 0.06670475006103516, 0.06679606437683105, 0.06794333457946777, 0.06672096252441406, 0.06681180000305176, 0.06675386428833008, 0.0670468807220459, 0.0674288272857666, 0.06814336776733398, 0.06666421890258789, 0.06781196594238281, 0.06676983833312988, 0.06691098213195801, 0.06661748886108398, 0.06677770614624023, 0.06678581237792969, 0.06678009033203125, 0.06684517860412598, 0.06665515899658203, 0.06689023971557617, 0.06681275367736816, 0.06663656234741211, 0.06702494621276855, 0.06712532043457031, 0.0666646957397461, 0.06660699844360352, 0.06661200523376465, 0.06709814071655273, 0.06786203384399414, 0.06685352325439453, 0.0667569637298584, 0.066864013671875, 0.06676959991455078, 0.06679868698120117, 0.06662964820861816, 0.06672310829162598, 0.06677126884460449, 0.06671524047851562, 0.06691241264343262, 0.0684807300567627, 0.0669395923614502, 0.06665468215942383, 0.06667613983154297, 0.06690144538879395, 0.06695175170898438, 0.06801986694335938, 0.06679797172546387, 0.06667709350585938, 0.06679868698120117, 0.06706500053405762, 0.06668543815612793, 0.06698751449584961, 0.06695199012756348, 0.06806039810180664, 0.06656312942504883, 0.06666946411132812, 0.06663727760314941, 0.06679248809814453, 0.06670403480529785, 0.06692051887512207, 0.06882810592651367, 0.06738591194152832, 0.06670737266540527, 0.06689095497131348, 0.06675171852111816, 0.0667719841003418, 0.06818318367004395, 0.0665578842163086, 0.06661319732666016, 0.06670022010803223, 0.06695914268493652, 0.06753826141357422, 0.06702351570129395, 0.0666499137878418, 0.06799101829528809, 0.0666804313659668, 0.06682515144348145, 0.06665611267089844, 0.0667257308959961, 0.06674528121948242, 0.06673288345336914, 0.06688547134399414, 0.06661796569824219, 0.06682515144348145, 0.06691503524780273, 0.06669068336486816, 0.06684064865112305, 0.06671810150146484, 0.06800341606140137, 0.06672096252441406, 0.06670928001403809, 0.06684255599975586, 0.0677180290222168, 0.06678628921508789, 0.06741952896118164, 0.1698315143585205, 0.1898360252380371, 0.1050722599029541, 0.06710124015808105, 0.06889104843139648, 0.06690859794616699, 0.06801223754882812, 0.06682133674621582, 0.06664371490478516, 0.06685662269592285, 0.06809830665588379, 0.06664729118347168, 0.06676054000854492, 0.06683063507080078, 0.06698918342590332, 0.06752395629882812, 0.06760740280151367, 0.06671285629272461, 0.06651520729064941, 0.06676125526428223, 0.06694769859313965, 0.06670117378234863, 0.06665849685668945, 0.0666804313659668, 0.0668025016784668, 0.06676506996154785, 0.06662607192993164, 0.06683754920959473, 0.0668039321899414, 0.06669068336486816, 0.06678104400634766, 0.06671690940856934, 0.06668233871459961, 0.06682109832763672, 0.06671619415283203, 0.06806373596191406, 0.06765270233154297, 0.06684088706970215, 0.06667613983154297, 0.06677794456481934, 0.0679771900177002, 0.06676316261291504, 0.06654477119445801, 0.06662940979003906, 0.06659936904907227, 0.0666203498840332, 0.06686210632324219, 0.06874799728393555, 0.06708431243896484, 0.06666803359985352, 0.06665492057800293, 0.06674814224243164, 0.06696224212646484, 0.06822848320007324, 0.06660056114196777, 0.0665583610534668, 0.06658005714416504, 0.0671231746673584, 0.06909584999084473, 0.06702733039855957, 0.06667065620422363, 0.06789875030517578, 0.06664514541625977, 0.06660223007202148, 0.06659197807312012, 0.06661438941955566, 0.06677937507629395, 0.06690359115600586, 0.0668177604675293, 0.06669378280639648, 0.06673383712768555, 0.06672048568725586, 0.06670784950256348, 0.06706070899963379, 0.06666946411132812, 0.06664800643920898, 0.06673145294189453, 0.06669330596923828, 0.06709957122802734, 0.06781220436096191]
time3 0
time5 18.22711944580078
time7 9.5367431640625e-07
gen_weight_change tensor(-20.0718, device='cuda:0')
train_time 25.310959815979004
eval time 0.051698923110961914
snapshot at best
2023-12-05 16:37:52,925 MainThread INFO: EPOCH:8
2023-12-05 16:37:52,926 MainThread INFO: Time Consumed:30.73260998725891s
2023-12-05 16:37:52,926 MainThread INFO: Total Frames:43500s
  0%|          | 9/10000 [06:41<94:44:31, 34.14s/it]------------------------------------  -----------  ---------  ----------  ---------
Name                                  Value
Running_Average_Rewards               2219.45705
Train_Epoch_Reward                    10671.26996
Running_Training_Average_Rewards      668.64207
Explore_Time                          0.06912
Train___Time                          25.31096
Eval____Time                          0.05170
button-press-topdown-v1_success_rate  0.00000
button-press-topdown-v1_eval_rewards  -45.08370
6                                     0.00000
door-v1_success_rate                  0.00000
door-v1_eval_rewards                  -48.45189
3                                     0.00000
drawer-close-v1_success_rate          0.00000
drawer-close-v1_eval_rewards          -26.06171
5                                     0.00000
drawer-open-v1_success_rate           0.00000
drawer-open-v1_eval_rewards           -21.74453
4                                     0.00000
ped-insert-side-v1_success_rate       0.00000
ped-insert-side-v1_eval_rewards       -22.39165
7                                     0.00000
pick-place-v1_success_rate            0.00000
pick-place-v1_eval_rewards            -28.96573
2                                     0.00000
push-v1_success_rate                  0.00000
push-v1_eval_rewards                  -26.32642
1                                     0.00000
reach-v1_success_rate                 0.00000
reach-v1_eval_rewards                 22463.96783
0                                     0.00000
window-close-v1_success_rate          0.00000
window-close-v1_eval_rewards          -33.01168
9                                     0.00000
window-open-v1_success_rate           0.00000
window-open-v1_eval_rewards           -17.36002
8                                     0.00000
mean_success_rate                     0.00000

Name                                  Mean         Std        Max         Min
Reward_Mean                           8.97358      0.65766    10.85003    7.47290
alpha_0                               0.84583      0.00469    0.85409     0.83801
alpha_1                               0.84384      0.00478    0.85213     0.83559
alpha_2                               0.84375      0.00485    0.85214     0.83542
alpha_3                               0.84378      0.00483    0.85214     0.83549
alpha_4                               0.84374      0.00486    0.85215     0.83541
alpha_5                               0.84390      0.00486    0.85231     0.83555
alpha_6                               0.84374      0.00486    0.85214     0.83539
alpha_7                               0.84382      0.00486    0.85223     0.83548
alpha_8                               0.84393      0.00480    0.85225     0.83566
alpha_9                               0.84376      0.00487    0.85218     0.83540
Alpha_loss                            -1.12242     0.03156    -1.06801    -1.18348
Training/policy_loss                  -41.44178    3.60625    -31.98972   -45.92414
Training/qf1_loss                     652.86474    225.92217  1358.76648  283.58456
Training/qf2_loss                     669.05396    238.56241  1396.85486  283.78976
Training/pf_norm                      0.27211      0.05754    0.56064     0.16878
Training/qf1_norm                     573.16201    512.86657  1933.91541  41.04921
Training/qf2_norm                     499.96639    390.52691  1466.21362  43.74689
log_std/mean                          -0.08260     0.00253    -0.07668    -0.08790
log_std/std                           0.02770      0.01313    0.04996     0.00930
log_std/max                           -0.03633     0.01335    -0.01995    -0.05982
log_std/min                           -0.19308     0.07081    -0.09888    -0.32439
log_probs/mean                        -2.62230     0.04828    -2.52297    -2.73000
log_probs/std                         0.55748      0.10633    0.74777     0.34330
log_probs/max                         0.02995      0.89895    1.82550     -1.68920
log_probs/min                         -5.28690     0.80860    -3.93144    -8.86521
mean/mean                             -0.05221     0.02784    -0.00001    -0.11398
mean/std                              0.18493      0.04555    0.23042     0.09065
mean/max                              0.35602      0.11369    0.50343     0.16245
mean/min                              -0.63806     0.24201    -0.17050    -1.03967
------------------------------------  -----------  ---------  ----------  ---------
sample: [2, 8, 7, 0, 9, 3, 5, 6, 1, 4]
replay_buffer._size: [4650 4650 4650 4650 4650 4650 4650 4650 4650 4650]
collect time 0.11437702178955078
time1 2.345423460006714
inner_dict_sum {'sac_diff0': 0.4890248775482178, 'sac_diff1': 0.5616154670715332, 'sac_diff2': 0.6080946922302246, 'sac_diff3': 0.6489002704620361, 'sac_diff4': 0.6240265369415283, 'sac_diff5': 13.657739639282227}
diff5_list [0.06789112091064453, 0.06668972969055176, 0.06684088706970215, 0.06671690940856934, 0.06664514541625977, 0.0666041374206543, 0.06681370735168457, 0.0668783187866211, 0.06687164306640625, 0.06673669815063477, 0.06679511070251465, 0.0668039321899414, 0.06693887710571289, 0.06668734550476074, 0.06697463989257812, 0.06680488586425781, 0.06662726402282715, 0.06673288345336914, 0.06754136085510254, 0.0666818618774414, 0.06692290306091309, 0.06865167617797852, 0.06900525093078613, 0.06690597534179688, 0.06662750244140625, 0.06660914421081543, 0.06663012504577637, 0.06663107872009277, 0.06683659553527832, 0.06677055358886719, 0.06689977645874023, 0.06677103042602539, 0.06670594215393066, 0.06663274765014648, 0.06686592102050781, 0.0681295394897461, 0.06672143936157227, 0.06703972816467285, 0.0667412281036377, 0.06711387634277344, 0.06703400611877441, 0.06679081916809082, 0.06677627563476562, 0.06675505638122559, 0.06681275367736816, 0.06664013862609863, 0.06673049926757812, 0.06664443016052246, 0.06665778160095215, 0.06676173210144043, 0.06684565544128418, 0.06701326370239258, 0.0666952133178711, 0.0667715072631836, 0.06690621376037598, 0.06703567504882812, 0.06686115264892578, 0.06685948371887207, 0.06677675247192383, 0.0666818618774414, 0.06671714782714844, 0.06765222549438477, 0.06688380241394043, 0.06683468818664551, 0.06866097450256348, 0.06809473037719727, 0.06681275367736816, 0.06681513786315918, 0.06675076484680176, 0.06676077842712402, 0.06676959991455078, 0.06666374206542969, 0.0667729377746582, 0.06668615341186523, 0.06680583953857422, 0.06698822975158691, 0.06678318977355957, 0.06680917739868164, 0.06807065010070801, 0.06677412986755371, 0.06674623489379883, 0.06674861907958984, 0.06682729721069336, 0.06763887405395508, 0.06657695770263672, 0.0699930191040039, 0.06811141967773438, 0.06680822372436523, 0.06649613380432129, 0.06653738021850586, 0.06667900085449219, 0.06655573844909668, 0.06674504280090332, 0.06705594062805176, 0.06676578521728516, 0.06686902046203613, 0.06673645973205566, 0.06672477722167969, 0.06680798530578613, 0.06800031661987305, 0.06659364700317383, 0.06654191017150879, 0.06659674644470215, 0.06655573844909668, 0.06766033172607422, 0.06740474700927734, 0.16753602027893066, 0.19519615173339844, 0.10217785835266113, 0.06680464744567871, 0.06667256355285645, 0.06680607795715332, 0.06668877601623535, 0.06689691543579102, 0.06667065620422363, 0.06669902801513672, 0.06672000885009766, 0.06803631782531738, 0.06671309471130371, 0.0669088363647461, 0.06676268577575684, 0.06688928604125977, 0.06719684600830078, 0.06710982322692871, 0.06676912307739258, 0.06882786750793457, 0.06695175170898438, 0.06674385070800781, 0.06677436828613281, 0.06657028198242188, 0.0666496753692627, 0.06664657592773438, 0.0668478012084961, 0.0668325424194336, 0.0669393539428711, 0.06678295135498047, 0.06688404083251953, 0.06675457954406738, 0.06801366806030273, 0.06659841537475586, 0.0666341781616211, 0.06664896011352539, 0.06667780876159668, 0.06767654418945312, 0.0666952133178711, 0.06699442863464355, 0.06928420066833496, 0.06822943687438965, 0.06682920455932617, 0.06672954559326172, 0.06669259071350098, 0.06664824485778809, 0.0667881965637207, 0.0668482780456543, 0.06692194938659668, 0.06663036346435547, 0.06681394577026367, 0.06669259071350098, 0.06690549850463867, 0.06662225723266602, 0.06678080558776855, 0.06666707992553711, 0.06676721572875977, 0.06685519218444824, 0.06761598587036133, 0.06725120544433594, 0.06683063507080078, 0.06675934791564941, 0.06814289093017578, 0.06667089462280273, 0.06662487983703613, 0.06678390502929688, 0.06770157814025879, 0.06661534309387207, 0.06676697731018066, 0.06686186790466309, 0.06664037704467773, 0.0669252872467041, 0.06682014465332031, 0.0676119327545166, 0.06679439544677734, 0.0679779052734375, 0.06673765182495117, 0.06667947769165039, 0.06665396690368652, 0.0666189193725586, 0.06758332252502441, 0.06659865379333496, 0.06694865226745605, 0.06870245933532715, 0.06700372695922852, 0.0668485164642334, 0.06679368019104004, 0.0667276382446289, 0.06673169136047363, 0.06674337387084961, 0.06700658798217773, 0.06696724891662598, 0.06674432754516602, 0.06672525405883789]
time3 0
time5 18.224730730056763
time7 9.5367431640625e-07
gen_weight_change tensor(-20.0718, device='cuda:0')
train_time 24.94252038002014
eval time 0.047739505767822266
snapshot at best
2023-12-05 16:38:24,128 MainThread INFO: EPOCH:9
2023-12-05 16:38:24,129 MainThread INFO: Time Consumed:30.304481506347656s
2023-12-05 16:38:24,129 MainThread INFO: Total Frames:45000s
  0%|          | 10/10000 [07:13<92:14:55, 33.24s/it]------------------------------------  -----------  ---------  ----------  ---------
Name                                  Value
Running_Average_Rewards               8423.47808
Train_Epoch_Reward                    24244.43100
Running_Training_Average_Rewards      1260.22262
Explore_Time                          0.11341
Train___Time                          24.94252
Eval____Time                          0.04774
button-press-topdown-v1_success_rate  0.00000
button-press-topdown-v1_eval_rewards  -43.81282
6                                     0.00000
door-v1_success_rate                  0.00000
door-v1_eval_rewards                  -48.96816
3                                     0.00000
drawer-close-v1_success_rate          0.00000
drawer-close-v1_eval_rewards          -36.47098
5                                     0.00000
drawer-open-v1_success_rate           0.00000
drawer-open-v1_eval_rewards           -25.10494
4                                     0.00000
ped-insert-side-v1_success_rate       0.00000
ped-insert-side-v1_eval_rewards       -24.81461
7                                     0.00000
pick-place-v1_success_rate            0.00000
pick-place-v1_eval_rewards            -31.61474
2                                     0.00000
push-v1_success_rate                  0.00000
push-v1_eval_rewards                  -36.16614
1                                     0.00000
reach-v1_success_rate                 0.00000
reach-v1_eval_rewards                 84527.12879
0                                     0.00000
window-close-v1_success_rate          0.00000
window-close-v1_eval_rewards          -32.73436
9                                     0.00000
window-open-v1_success_rate           0.00000
window-open-v1_eval_rewards           -12.66129
8                                     0.00000
mean_success_rate                     0.00000

Name                                  Mean         Std        Max         Min
Reward_Mean                           9.41484      0.70453    12.03601    7.90770
alpha_0                               0.83067      0.00378    0.83793     0.82491
alpha_1                               0.82734      0.00471    0.83551     0.81925
alpha_2                               0.82713      0.00475    0.83534     0.81896
alpha_3                               0.82717      0.00477    0.83541     0.81897
alpha_4                               0.82713      0.00473    0.83533     0.81901
alpha_5                               0.82725      0.00475    0.83547     0.81909
alpha_6                               0.82716      0.00470    0.83531     0.81912
alpha_7                               0.82723      0.00472    0.83540     0.81914
alpha_8                               0.82735      0.00475    0.83558     0.81923
alpha_9                               0.82715      0.00472    0.83532     0.81905
Alpha_loss                            -1.22285     0.01544    -1.19766    -1.27173
Training/policy_loss                  -45.35509    3.96983    -34.94081   -50.71748
Training/qf1_loss                     666.09431    227.47015  1420.89392  282.49106
Training/qf2_loss                     742.74271    311.44795  1755.99500  285.05017
Training/pf_norm                      0.32654      0.07971    0.59332     0.17389
Training/qf1_norm                     507.07558    468.79419  1971.45117  46.58568
Training/qf2_norm                     607.14896    527.42615  2002.59656  59.17680
log_std/mean                          -0.08075     0.01025    -0.06269    -0.09500
log_std/std                           0.05999      0.02805    0.09569     0.01224
log_std/max                           -0.03092     0.00839    -0.01277    -0.04990
log_std/min                           -0.35698     0.13489    -0.09894    -0.54547
log_probs/mean                        -2.46305     0.12915    -2.26626    -2.70868
log_probs/std                         0.89430      0.27168    1.28026     0.40346
log_probs/max                         1.95640      1.71966    4.45899     -1.43360
log_probs/min                         -5.82394     0.99168    -4.12076    -10.82387
mean/mean                             -0.04945     0.03192    -0.00816    -0.09669
mean/std                              0.29383      0.07828    0.38190     0.12300
mean/max                              0.74825      0.33117    1.15288     0.10524
mean/min                              -1.09540     0.35768    -0.25387    -1.57022
------------------------------------  -----------  ---------  ----------  ---------
sample: [4, 3, 0, 1, 8, 5, 7, 9, 2, 6]
replay_buffer._size: [4800 4800 4800 4800 4800 4800 4800 4800 4800 4800]
collect time 0.10349106788635254
time1 1.8949882984161377
inner_dict_sum {'sac_diff0': 0.49991416931152344, 'sac_diff1': 0.5638418197631836, 'sac_diff2': 0.5976591110229492, 'sac_diff3': 0.6603171825408936, 'sac_diff4': 0.6411809921264648, 'sac_diff5': 13.682714223861694}
diff5_list [0.06801962852478027, 0.06718802452087402, 0.06714177131652832, 0.06678342819213867, 0.0672152042388916, 0.06697893142700195, 0.06678938865661621, 0.0684974193572998, 0.06673216819763184, 0.06670546531677246, 0.06673145294189453, 0.06793022155761719, 0.06674861907958984, 0.06675338745117188, 0.06681370735168457, 0.06672954559326172, 0.06675910949707031, 0.0668954849243164, 0.06700849533081055, 0.06686568260192871, 0.06809282302856445, 0.06903457641601562, 0.0667414665222168, 0.0668494701385498, 0.06676363945007324, 0.06815552711486816, 0.06692290306091309, 0.06684422492980957, 0.06666088104248047, 0.06668472290039062, 0.06674027442932129, 0.06667518615722656, 0.0668497085571289, 0.06680154800415039, 0.06668949127197266, 0.06660342216491699, 0.06679677963256836, 0.06684017181396484, 0.06688928604125977, 0.06693124771118164, 0.06671023368835449, 0.06674528121948242, 0.06856179237365723, 0.0667574405670166, 0.06676268577575684, 0.0667576789855957, 0.06774115562438965, 0.06698918342590332, 0.0666971206665039, 0.06671905517578125, 0.06827330589294434, 0.06685709953308105, 0.06659889221191406, 0.06664514541625977, 0.06660103797912598, 0.06654191017150879, 0.06642293930053711, 0.06696629524230957, 0.06678986549377441, 0.06688094139099121, 0.06667280197143555, 0.06768393516540527, 0.06682538986206055, 0.06813693046569824, 0.06755232810974121, 0.06671786308288574, 0.06657767295837402, 0.06666827201843262, 0.06695342063903809, 0.06687664985656738, 0.06672143936157227, 0.06795740127563477, 0.06663131713867188, 0.0665740966796875, 0.06673622131347656, 0.06677484512329102, 0.06668329238891602, 0.06664085388183594, 0.06713557243347168, 0.06692767143249512, 0.0667111873626709, 0.06682395935058594, 0.06696724891662598, 0.06665682792663574, 0.06774568557739258, 0.07073283195495605, 0.06673645973205566, 0.06677556037902832, 0.06671452522277832, 0.06841492652893066, 0.13538241386413574, 0.2045426368713379, 0.1414194107055664, 0.06669807434082031, 0.06670260429382324, 0.06667709350585938, 0.06694293022155762, 0.06686854362487793, 0.06672000885009766, 0.0668184757232666, 0.06680560111999512, 0.06689190864562988, 0.06817173957824707, 0.06699943542480469, 0.06680464744567871, 0.06675910949707031, 0.06677508354187012, 0.066925048828125, 0.06663107872009277, 0.06692051887512207, 0.06825900077819824, 0.06651663780212402, 0.06657981872558594, 0.06658291816711426, 0.06778621673583984, 0.06681704521179199, 0.06672549247741699, 0.06688880920410156, 0.06699991226196289, 0.0666346549987793, 0.06669211387634277, 0.0667724609375, 0.06669235229492188, 0.06786227226257324, 0.0699310302734375, 0.06651997566223145, 0.0666656494140625, 0.06667208671569824, 0.06798934936523438, 0.06689167022705078, 0.06670665740966797, 0.06699514389038086, 0.06677865982055664, 0.06685757637023926, 0.06674385070800781, 0.06683802604675293, 0.06670737266540527, 0.06670570373535156, 0.06671738624572754, 0.06682395935058594, 0.06668496131896973, 0.06674933433532715, 0.06699395179748535, 0.06676983833312988, 0.0667412281036377, 0.07004928588867188, 0.06686258316040039, 0.0667574405670166, 0.06674671173095703, 0.06754016876220703, 0.0679159164428711, 0.06679654121398926, 0.06672501564025879, 0.06797933578491211, 0.06667900085449219, 0.06656932830810547, 0.06675124168395996, 0.0666959285736084, 0.06671667098999023, 0.06668758392333984, 0.06694340705871582, 0.06692337989807129, 0.0667121410369873, 0.06693530082702637, 0.06665349006652832, 0.06675004959106445, 0.0678858757019043, 0.06678175926208496, 0.06719303131103516, 0.06670045852661133, 0.06666755676269531, 0.06727099418640137, 0.06671786308288574, 0.06671643257141113, 0.0681142807006836, 0.0667116641998291, 0.06665277481079102, 0.0666816234588623, 0.06673502922058105, 0.06676340103149414, 0.06656980514526367, 0.06665754318237305, 0.06677055358886719, 0.06670904159545898, 0.06677079200744629, 0.06686687469482422, 0.06669998168945312, 0.06663918495178223, 0.06868195533752441, 0.06706595420837402, 0.06671571731567383, 0.06674003601074219, 0.06770539283752441, 0.0671393871307373, 0.06665635108947754, 0.06681561470031738, 0.06802487373352051, 0.06672525405883789, 0.06667613983154297, 0.06675028800964355]
time3 0
time5 18.256858348846436
time7 7.152557373046875e-07
gen_weight_change tensor(-20.0718, device='cuda:0')
train_time 24.879228115081787
eval time 0.04986977577209473
2023-12-05 16:38:50,426 MainThread INFO: EPOCH:10
2023-12-05 16:38:50,633 MainThread INFO: Time Consumed:25.03650450706482s
2023-12-05 16:38:50,633 MainThread INFO: Total Frames:46500s
  0%|          | 11/10000 [07:39<86:26:34, 31.15s/it]  0%|          | 11/10000 [07:58<120:38:48, 43.48s/it]
------------------------------------  -----------  ---------  ----------  ---------
Name                                  Value
Running_Average_Rewards               2245.95843
Train_Epoch_Reward                    39005.44851
Running_Training_Average_Rewards      2464.03832
Explore_Time                          0.10264
Train___Time                          24.87923
Eval____Time                          0.04987
button-press-topdown-v1_success_rate  0.00000
button-press-topdown-v1_eval_rewards  -49.14246
6                                     0.00000
door-v1_success_rate                  0.00000
door-v1_eval_rewards                  -61.51344
3                                     0.00000
drawer-close-v1_success_rate          0.00000
drawer-close-v1_eval_rewards          -37.76606
5                                     0.00000
drawer-open-v1_success_rate           0.00000
drawer-open-v1_eval_rewards           -34.34361
4                                     0.00000
ped-insert-side-v1_success_rate       0.00000
ped-insert-side-v1_eval_rewards       -24.32582
7                                     0.00000
pick-place-v1_success_rate            0.00000
pick-place-v1_eval_rewards            -41.73232
2                                     0.00000
push-v1_success_rate                  0.00000
push-v1_eval_rewards                  -39.38601
1                                     0.00000
reach-v1_success_rate                 0.00000
reach-v1_eval_rewards                 22805.63106
0                                     0.00000
window-close-v1_success_rate          0.00000
window-close-v1_eval_rewards          -44.82563
9                                     0.00000
window-open-v1_success_rate           0.00000
window-open-v1_eval_rewards           -13.01142
8                                     0.00000
mean_success_rate                     0.00000

Name                                  Mean         Std        Max         Min
Reward_Mean                           9.50961      0.69211    11.38843    7.87390
alpha_0                               0.81759      0.00401    0.82486     0.81117
alpha_1                               0.81117      0.00464    0.81917     0.80320
alpha_2                               0.81145      0.00425    0.81888     0.80409
alpha_3                               0.81085      0.00465    0.81888     0.80285
alpha_4                               0.81093      0.00462    0.81893     0.80300
alpha_5                               0.81104      0.00459    0.81901     0.80316
alpha_6                               0.81100      0.00466    0.81904     0.80297
alpha_7                               0.81115      0.00457    0.81906     0.80327
alpha_8                               0.81141      0.00448    0.81915     0.80368
alpha_9                               0.81098      0.00462    0.81897     0.80303
Alpha_loss                            -1.32925     0.02434    -1.28744    -1.38650
Training/policy_loss                  -51.24142    4.01739    -40.69452   -56.78682
Training/qf1_loss                     730.95387    312.24621  1948.85193  244.18448
Training/qf2_loss                     753.60259    332.66674  2023.78772  261.16513
Training/pf_norm                      0.33794      0.05839    0.49596     0.23412
Training/qf1_norm                     696.01937    654.01930  2440.96484  55.64495
Training/qf2_norm                     653.55617    581.47325  2077.92065  54.82915
log_std/mean                          -0.07632     0.00434    -0.06857    -0.08549
log_std/std                           0.06122      0.02095    0.09453     0.02287
log_std/max                           -0.00626     0.01486    0.02493     -0.03484
log_std/min                           -0.30158     0.09792    -0.12462    -0.42384
log_probs/mean                        -2.37281     0.08590    -2.23084    -2.62870
log_probs/std                         0.98148      0.14869    1.28109     0.56024
log_probs/max                         2.11573      1.16420    3.88181     -0.89076
log_probs/min                         -5.95772     0.80637    -4.31994    -8.45167
mean/mean                             -0.10139     0.02445    -0.07058    -0.15153
mean/std                              0.34485      0.04432    0.39659     0.18817
mean/max                              0.72046      0.18489    1.10136     0.25698
mean/min                              -0.96053     0.22804    -0.43203    -1.23333
------------------------------------  -----------  ---------  ----------  ---------
sample: [2, 6, 5, 7, 8, 1, 0, 9, 4, 3]
replay_buffer._size: [4950 4950 4950 4950 4950 4950 4950 4950 4950 4950]
collect time 0.09126853942871094
time1 1.9068071842193604
wandb: Waiting for W&B process to finish... (failed 255).
Process Process-20:
Traceback (most recent call last):
  File "/cvmfs/soft.computecanada.ca/easybuild/software/2020/avx512/Core/python/3.8.10/lib/python3.8/multiprocessing/process.py", line 315, in _bootstrap
    self.run()
  File "/cvmfs/soft.computecanada.ca/easybuild/software/2020/avx512/Core/python/3.8.10/lib/python3.8/multiprocessing/process.py", line 108, in run
    self._target(*self._args, **self._kwargs)
  File "/lustre04/scratch/qianxi/sparse_training/dec_must/DST_RL/./torchrl/collector/para/async_mt.py", line 473, in eval_worker_process
    shared_que.put({
  File "<string>", line 2, in put
  File "/cvmfs/soft.computecanada.ca/easybuild/software/2020/avx512/Core/python/3.8.10/lib/python3.8/multiprocessing/managers.py", line 835, in _callmethod
    kind, result = conn.recv()
  File "/cvmfs/soft.computecanada.ca/easybuild/software/2020/avx512/Core/python/3.8.10/lib/python3.8/multiprocessing/connection.py", line 250, in recv
    buf = self._recv_bytes()
  File "/cvmfs/soft.computecanada.ca/easybuild/software/2020/avx512/Core/python/3.8.10/lib/python3.8/multiprocessing/connection.py", line 414, in _recv_bytes
    buf = self._recv(4)
  File "/cvmfs/soft.computecanada.ca/easybuild/software/2020/avx512/Core/python/3.8.10/lib/python3.8/multiprocessing/connection.py", line 379, in _recv
    chunk = read(handle, remaining)
KeyboardInterrupt
Process Process-21:
Traceback (most recent call last):
  File "/cvmfs/soft.computecanada.ca/easybuild/software/2020/avx512/Core/python/3.8.10/lib/python3.8/multiprocessing/process.py", line 315, in _bootstrap
    self.run()
  File "/cvmfs/soft.computecanada.ca/easybuild/software/2020/avx512/Core/python/3.8.10/lib/python3.8/multiprocessing/process.py", line 108, in run
    self._target(*self._args, **self._kwargs)
  File "/lustre04/scratch/qianxi/sparse_training/dec_must/DST_RL/./torchrl/collector/para/async_mt.py", line 473, in eval_worker_process
    shared_que.put({
  File "<string>", line 2, in put
  File "/cvmfs/soft.computecanada.ca/easybuild/software/2020/avx512/Core/python/3.8.10/lib/python3.8/multiprocessing/managers.py", line 835, in _callmethod
    kind, result = conn.recv()
  File "/cvmfs/soft.computecanada.ca/easybuild/software/2020/avx512/Core/python/3.8.10/lib/python3.8/multiprocessing/connection.py", line 250, in recv
    buf = self._recv_bytes()
  File "/cvmfs/soft.computecanada.ca/easybuild/software/2020/avx512/Core/python/3.8.10/lib/python3.8/multiprocessing/connection.py", line 414, in _recv_bytes
    buf = self._recv(4)
  File "/cvmfs/soft.computecanada.ca/easybuild/software/2020/avx512/Core/python/3.8.10/lib/python3.8/multiprocessing/connection.py", line 379, in _recv
    chunk = read(handle, remaining)
KeyboardInterrupt
Process Process-19:
Traceback (most recent call last):
  File "/cvmfs/soft.computecanada.ca/easybuild/software/2020/avx512/Core/python/3.8.10/lib/python3.8/multiprocessing/process.py", line 315, in _bootstrap
    self.run()
  File "/cvmfs/soft.computecanada.ca/easybuild/software/2020/avx512/Core/python/3.8.10/lib/python3.8/multiprocessing/process.py", line 108, in run
    self._target(*self._args, **self._kwargs)
  File "/lustre04/scratch/qianxi/sparse_training/dec_must/DST_RL/./torchrl/collector/para/async_mt.py", line 473, in eval_worker_process
    shared_que.put({
  File "<string>", line 2, in put
  File "/cvmfs/soft.computecanada.ca/easybuild/software/2020/avx512/Core/python/3.8.10/lib/python3.8/multiprocessing/managers.py", line 835, in _callmethod
    kind, result = conn.recv()
  File "/cvmfs/soft.computecanada.ca/easybuild/software/2020/avx512/Core/python/3.8.10/lib/python3.8/multiprocessing/connection.py", line 250, in recv
    buf = self._recv_bytes()
  File "/cvmfs/soft.computecanada.ca/easybuild/software/2020/avx512/Core/python/3.8.10/lib/python3.8/multiprocessing/connection.py", line 414, in _recv_bytes
    buf = self._recv(4)
  File "/cvmfs/soft.computecanada.ca/easybuild/software/2020/avx512/Core/python/3.8.10/lib/python3.8/multiprocessing/connection.py", line 379, in _recv
    chunk = read(handle, remaining)
KeyboardInterrupt
Process Process-18:
Traceback (most recent call last):
  File "/cvmfs/soft.computecanada.ca/easybuild/software/2020/avx512/Core/python/3.8.10/lib/python3.8/multiprocessing/process.py", line 315, in _bootstrap
    self.run()
  File "/cvmfs/soft.computecanada.ca/easybuild/software/2020/avx512/Core/python/3.8.10/lib/python3.8/multiprocessing/process.py", line 108, in run
    self._target(*self._args, **self._kwargs)
  File "/lustre04/scratch/qianxi/sparse_training/dec_must/DST_RL/./torchrl/collector/para/async_mt.py", line 473, in eval_worker_process
    shared_que.put({
  File "<string>", line 2, in put
  File "/cvmfs/soft.computecanada.ca/easybuild/software/2020/avx512/Core/python/3.8.10/lib/python3.8/multiprocessing/managers.py", line 835, in _callmethod
    kind, result = conn.recv()
  File "/cvmfs/soft.computecanada.ca/easybuild/software/2020/avx512/Core/python/3.8.10/lib/python3.8/multiprocessing/connection.py", line 250, in recv
    buf = self._recv_bytes()
  File "/cvmfs/soft.computecanada.ca/easybuild/software/2020/avx512/Core/python/3.8.10/lib/python3.8/multiprocessing/connection.py", line 414, in _recv_bytes
    buf = self._recv(4)
  File "/cvmfs/soft.computecanada.ca/easybuild/software/2020/avx512/Core/python/3.8.10/lib/python3.8/multiprocessing/connection.py", line 379, in _recv
    chunk = read(handle, remaining)
KeyboardInterrupt
Process Process-16:
Process Process-17:
Process Process-9:
Traceback (most recent call last):
  File "/cvmfs/soft.computecanada.ca/easybuild/software/2020/avx512/Core/python/3.8.10/lib/python3.8/multiprocessing/process.py", line 315, in _bootstrap
    self.run()
  File "/cvmfs/soft.computecanada.ca/easybuild/software/2020/avx512/Core/python/3.8.10/lib/python3.8/multiprocessing/process.py", line 108, in run
    self._target(*self._args, **self._kwargs)
  File "/lustre04/scratch/qianxi/sparse_training/dec_must/DST_RL/./torchrl/collector/para/async_mt.py", line 334, in train_worker_process
    shared_que.put({
  File "<string>", line 2, in put
  File "/cvmfs/soft.computecanada.ca/easybuild/software/2020/avx512/Core/python/3.8.10/lib/python3.8/multiprocessing/managers.py", line 835, in _callmethod
    kind, result = conn.recv()
  File "/cvmfs/soft.computecanada.ca/easybuild/software/2020/avx512/Core/python/3.8.10/lib/python3.8/multiprocessing/connection.py", line 250, in recv
    buf = self._recv_bytes()
  File "/cvmfs/soft.computecanada.ca/easybuild/software/2020/avx512/Core/python/3.8.10/lib/python3.8/multiprocessing/connection.py", line 414, in _recv_bytes
    buf = self._recv(4)
  File "/cvmfs/soft.computecanada.ca/easybuild/software/2020/avx512/Core/python/3.8.10/lib/python3.8/multiprocessing/connection.py", line 379, in _recv
    chunk = read(handle, remaining)
KeyboardInterrupt

During handling of the above exception, another exception occurred:

Traceback (most recent call last):
  File "/cvmfs/soft.computecanada.ca/easybuild/software/2020/avx512/Core/python/3.8.10/lib/python3.8/multiprocessing/process.py", line 318, in _bootstrap
    util._exit_function()
  File "/cvmfs/soft.computecanada.ca/easybuild/software/2020/avx512/Core/python/3.8.10/lib/python3.8/multiprocessing/util.py", line 334, in _exit_function
    _run_finalizers(0)
  File "/cvmfs/soft.computecanada.ca/easybuild/software/2020/avx512/Core/python/3.8.10/lib/python3.8/multiprocessing/util.py", line 300, in _run_finalizers
    finalizer()
  File "/cvmfs/soft.computecanada.ca/easybuild/software/2020/avx512/Core/python/3.8.10/lib/python3.8/multiprocessing/util.py", line 224, in __call__
    res = self._callback(*self._args, **self._kwargs)
  File "/cvmfs/soft.computecanada.ca/easybuild/software/2020/avx512/Core/python/3.8.10/lib/python3.8/multiprocessing/managers.py", line 887, in _decref
    conn = _Client(token.address, authkey=authkey)
  File "/cvmfs/soft.computecanada.ca/easybuild/software/2020/avx512/Core/python/3.8.10/lib/python3.8/multiprocessing/connection.py", line 508, in Client
    answer_challenge(c, authkey)
  File "/cvmfs/soft.computecanada.ca/easybuild/software/2020/avx512/Core/python/3.8.10/lib/python3.8/multiprocessing/connection.py", line 752, in answer_challenge
    message = connection.recv_bytes(256)         # reject large message
  File "/cvmfs/soft.computecanada.ca/easybuild/software/2020/avx512/Core/python/3.8.10/lib/python3.8/multiprocessing/connection.py", line 216, in recv_bytes
    buf = self._recv_bytes(maxlength)
  File "/cvmfs/soft.computecanada.ca/easybuild/software/2020/avx512/Core/python/3.8.10/lib/python3.8/multiprocessing/connection.py", line 414, in _recv_bytes
    buf = self._recv(4)
  File "/cvmfs/soft.computecanada.ca/easybuild/software/2020/avx512/Core/python/3.8.10/lib/python3.8/multiprocessing/connection.py", line 379, in _recv
    chunk = read(handle, remaining)
KeyboardInterrupt
Process Process-7:
Traceback (most recent call last):
  File "/cvmfs/soft.computecanada.ca/easybuild/software/2020/avx512/Core/python/3.8.10/lib/python3.8/multiprocessing/process.py", line 315, in _bootstrap
    self.run()
  File "/cvmfs/soft.computecanada.ca/easybuild/software/2020/avx512/Core/python/3.8.10/lib/python3.8/multiprocessing/process.py", line 108, in run
    self._target(*self._args, **self._kwargs)
  File "/lustre04/scratch/qianxi/sparse_training/dec_must/DST_RL/./torchrl/collector/para/async_mt.py", line 334, in train_worker_process
    shared_que.put({
  File "<string>", line 2, in put
  File "/cvmfs/soft.computecanada.ca/easybuild/software/2020/avx512/Core/python/3.8.10/lib/python3.8/multiprocessing/managers.py", line 835, in _callmethod
    kind, result = conn.recv()
  File "/cvmfs/soft.computecanada.ca/easybuild/software/2020/avx512/Core/python/3.8.10/lib/python3.8/multiprocessing/connection.py", line 250, in recv
    buf = self._recv_bytes()
  File "/cvmfs/soft.computecanada.ca/easybuild/software/2020/avx512/Core/python/3.8.10/lib/python3.8/multiprocessing/connection.py", line 414, in _recv_bytes
    buf = self._recv(4)
  File "/cvmfs/soft.computecanada.ca/easybuild/software/2020/avx512/Core/python/3.8.10/lib/python3.8/multiprocessing/connection.py", line 379, in _recv
    chunk = read(handle, remaining)
KeyboardInterrupt

During handling of the above exception, another exception occurred:

Traceback (most recent call last):
  File "/cvmfs/soft.computecanada.ca/easybuild/software/2020/avx512/Core/python/3.8.10/lib/python3.8/multiprocessing/process.py", line 318, in _bootstrap
    util._exit_function()
  File "/cvmfs/soft.computecanada.ca/easybuild/software/2020/avx512/Core/python/3.8.10/lib/python3.8/multiprocessing/util.py", line 334, in _exit_function
    _run_finalizers(0)
  File "/cvmfs/soft.computecanada.ca/easybuild/software/2020/avx512/Core/python/3.8.10/lib/python3.8/multiprocessing/util.py", line 300, in _run_finalizers
    finalizer()
  File "/cvmfs/soft.computecanada.ca/easybuild/software/2020/avx512/Core/python/3.8.10/lib/python3.8/multiprocessing/util.py", line 224, in __call__
    res = self._callback(*self._args, **self._kwargs)
  File "/cvmfs/soft.computecanada.ca/easybuild/software/2020/avx512/Core/python/3.8.10/lib/python3.8/multiprocessing/managers.py", line 887, in _decref
    conn = _Client(token.address, authkey=authkey)
  File "/cvmfs/soft.computecanada.ca/easybuild/software/2020/avx512/Core/python/3.8.10/lib/python3.8/multiprocessing/connection.py", line 508, in Client
    answer_challenge(c, authkey)
  File "/cvmfs/soft.computecanada.ca/easybuild/software/2020/avx512/Core/python/3.8.10/lib/python3.8/multiprocessing/connection.py", line 752, in answer_challenge
    message = connection.recv_bytes(256)         # reject large message
  File "/cvmfs/soft.computecanada.ca/easybuild/software/2020/avx512/Core/python/3.8.10/lib/python3.8/multiprocessing/connection.py", line 216, in recv_bytes
    buf = self._recv_bytes(maxlength)
  File "/cvmfs/soft.computecanada.ca/easybuild/software/2020/avx512/Core/python/3.8.10/lib/python3.8/multiprocessing/connection.py", line 414, in _recv_bytes
    buf = self._recv(4)
  File "/cvmfs/soft.computecanada.ca/easybuild/software/2020/avx512/Core/python/3.8.10/lib/python3.8/multiprocessing/connection.py", line 379, in _recv
    chunk = read(handle, remaining)
KeyboardInterrupt
Process Process-5:
Traceback (most recent call last):
  File "/cvmfs/soft.computecanada.ca/easybuild/software/2020/avx512/Core/python/3.8.10/lib/python3.8/multiprocessing/process.py", line 315, in _bootstrap
    self.run()
  File "/cvmfs/soft.computecanada.ca/easybuild/software/2020/avx512/Core/python/3.8.10/lib/python3.8/multiprocessing/process.py", line 108, in run
    self._target(*self._args, **self._kwargs)
  File "/lustre04/scratch/qianxi/sparse_training/dec_must/DST_RL/./torchrl/collector/para/async_mt.py", line 334, in train_worker_process
    shared_que.put({
  File "<string>", line 2, in put
  File "/cvmfs/soft.computecanada.ca/easybuild/software/2020/avx512/Core/python/3.8.10/lib/python3.8/multiprocessing/managers.py", line 835, in _callmethod
    kind, result = conn.recv()
  File "/cvmfs/soft.computecanada.ca/easybuild/software/2020/avx512/Core/python/3.8.10/lib/python3.8/multiprocessing/connection.py", line 250, in recv
    buf = self._recv_bytes()
  File "/cvmfs/soft.computecanada.ca/easybuild/software/2020/avx512/Core/python/3.8.10/lib/python3.8/multiprocessing/connection.py", line 414, in _recv_bytes
    buf = self._recv(4)
  File "/cvmfs/soft.computecanada.ca/easybuild/software/2020/avx512/Core/python/3.8.10/lib/python3.8/multiprocessing/connection.py", line 379, in _recv
    chunk = read(handle, remaining)
KeyboardInterrupt

During handling of the above exception, another exception occurred:

Traceback (most recent call last):
  File "/cvmfs/soft.computecanada.ca/easybuild/software/2020/avx512/Core/python/3.8.10/lib/python3.8/multiprocessing/process.py", line 318, in _bootstrap
    util._exit_function()
  File "/cvmfs/soft.computecanada.ca/easybuild/software/2020/avx512/Core/python/3.8.10/lib/python3.8/multiprocessing/util.py", line 334, in _exit_function
    _run_finalizers(0)
  File "/cvmfs/soft.computecanada.ca/easybuild/software/2020/avx512/Core/python/3.8.10/lib/python3.8/multiprocessing/util.py", line 300, in _run_finalizers
    finalizer()
  File "/cvmfs/soft.computecanada.ca/easybuild/software/2020/avx512/Core/python/3.8.10/lib/python3.8/multiprocessing/util.py", line 224, in __call__
    res = self._callback(*self._args, **self._kwargs)
  File "/cvmfs/soft.computecanada.ca/easybuild/software/2020/avx512/Core/python/3.8.10/lib/python3.8/multiprocessing/managers.py", line 887, in _decref
    conn = _Client(token.address, authkey=authkey)
  File "/cvmfs/soft.computecanada.ca/easybuild/software/2020/avx512/Core/python/3.8.10/lib/python3.8/multiprocessing/connection.py", line 508, in Client
    answer_challenge(c, authkey)
  File "/cvmfs/soft.computecanada.ca/easybuild/software/2020/avx512/Core/python/3.8.10/lib/python3.8/multiprocessing/connection.py", line 752, in answer_challenge
    message = connection.recv_bytes(256)         # reject large message
  File "/cvmfs/soft.computecanada.ca/easybuild/software/2020/avx512/Core/python/3.8.10/lib/python3.8/multiprocessing/connection.py", line 216, in recv_bytes
    buf = self._recv_bytes(maxlength)
  File "/cvmfs/soft.computecanada.ca/easybuild/software/2020/avx512/Core/python/3.8.10/lib/python3.8/multiprocessing/connection.py", line 414, in _recv_bytes
    buf = self._recv(4)
  File "/cvmfs/soft.computecanada.ca/easybuild/software/2020/avx512/Core/python/3.8.10/lib/python3.8/multiprocessing/connection.py", line 379, in _recv
    chunk = read(handle, remaining)
KeyboardInterrupt
Process Process-4:
Traceback (most recent call last):
  File "/cvmfs/soft.computecanada.ca/easybuild/software/2020/avx512/Core/python/3.8.10/lib/python3.8/multiprocessing/process.py", line 315, in _bootstrap
    self.run()
  File "/cvmfs/soft.computecanada.ca/easybuild/software/2020/avx512/Core/python/3.8.10/lib/python3.8/multiprocessing/process.py", line 108, in run
    self._target(*self._args, **self._kwargs)
  File "/lustre04/scratch/qianxi/sparse_training/dec_must/DST_RL/./torchrl/collector/para/async_mt.py", line 334, in train_worker_process
    shared_que.put({
  File "<string>", line 2, in put
  File "/cvmfs/soft.computecanada.ca/easybuild/software/2020/avx512/Core/python/3.8.10/lib/python3.8/multiprocessing/managers.py", line 835, in _callmethod
    kind, result = conn.recv()
  File "/cvmfs/soft.computecanada.ca/easybuild/software/2020/avx512/Core/python/3.8.10/lib/python3.8/multiprocessing/connection.py", line 250, in recv
    buf = self._recv_bytes()
  File "/cvmfs/soft.computecanada.ca/easybuild/software/2020/avx512/Core/python/3.8.10/lib/python3.8/multiprocessing/connection.py", line 414, in _recv_bytes
    buf = self._recv(4)
  File "/cvmfs/soft.computecanada.ca/easybuild/software/2020/avx512/Core/python/3.8.10/lib/python3.8/multiprocessing/connection.py", line 379, in _recv
    chunk = read(handle, remaining)
KeyboardInterrupt

During handling of the above exception, another exception occurred:

Traceback (most recent call last):
  File "/cvmfs/soft.computecanada.ca/easybuild/software/2020/avx512/Core/python/3.8.10/lib/python3.8/multiprocessing/process.py", line 318, in _bootstrap
    util._exit_function()
  File "/cvmfs/soft.computecanada.ca/easybuild/software/2020/avx512/Core/python/3.8.10/lib/python3.8/multiprocessing/util.py", line 334, in _exit_function
    _run_finalizers(0)
  File "/cvmfs/soft.computecanada.ca/easybuild/software/2020/avx512/Core/python/3.8.10/lib/python3.8/multiprocessing/util.py", line 300, in _run_finalizers
    finalizer()
  File "/cvmfs/soft.computecanada.ca/easybuild/software/2020/avx512/Core/python/3.8.10/lib/python3.8/multiprocessing/util.py", line 224, in __call__
    res = self._callback(*self._args, **self._kwargs)
  File "/cvmfs/soft.computecanada.ca/easybuild/software/2020/avx512/Core/python/3.8.10/lib/python3.8/multiprocessing/managers.py", line 887, in _decref
    conn = _Client(token.address, authkey=authkey)
  File "/cvmfs/soft.computecanada.ca/easybuild/software/2020/avx512/Core/python/3.8.10/lib/python3.8/multiprocessing/connection.py", line 508, in Client
    answer_challenge(c, authkey)
  File "/cvmfs/soft.computecanada.ca/easybuild/software/2020/avx512/Core/python/3.8.10/lib/python3.8/multiprocessing/connection.py", line 752, in answer_challenge
    message = connection.recv_bytes(256)         # reject large message
  File "/cvmfs/soft.computecanada.ca/easybuild/software/2020/avx512/Core/python/3.8.10/lib/python3.8/multiprocessing/connection.py", line 216, in recv_bytes
    buf = self._recv_bytes(maxlength)
  File "/cvmfs/soft.computecanada.ca/easybuild/software/2020/avx512/Core/python/3.8.10/lib/python3.8/multiprocessing/connection.py", line 414, in _recv_bytes
    buf = self._recv(4)
  File "/cvmfs/soft.computecanada.ca/easybuild/software/2020/avx512/Core/python/3.8.10/lib/python3.8/multiprocessing/connection.py", line 379, in _recv
    chunk = read(handle, remaining)
KeyboardInterrupt
Process Process-2:
Traceback (most recent call last):
  File "/cvmfs/soft.computecanada.ca/easybuild/software/2020/avx512/Core/python/3.8.10/lib/python3.8/multiprocessing/process.py", line 315, in _bootstrap
    self.run()
  File "/cvmfs/soft.computecanada.ca/easybuild/software/2020/avx512/Core/python/3.8.10/lib/python3.8/multiprocessing/process.py", line 108, in run
    self._target(*self._args, **self._kwargs)
  File "/lustre04/scratch/qianxi/sparse_training/dec_must/DST_RL/./torchrl/collector/para/async_mt.py", line 334, in train_worker_process
    shared_que.put({
  File "<string>", line 2, in put
  File "/cvmfs/soft.computecanada.ca/easybuild/software/2020/avx512/Core/python/3.8.10/lib/python3.8/multiprocessing/managers.py", line 835, in _callmethod
    kind, result = conn.recv()
  File "/cvmfs/soft.computecanada.ca/easybuild/software/2020/avx512/Core/python/3.8.10/lib/python3.8/multiprocessing/connection.py", line 250, in recv
    buf = self._recv_bytes()
  File "/cvmfs/soft.computecanada.ca/easybuild/software/2020/avx512/Core/python/3.8.10/lib/python3.8/multiprocessing/connection.py", line 414, in _recv_bytes
    buf = self._recv(4)
  File "/cvmfs/soft.computecanada.ca/easybuild/software/2020/avx512/Core/python/3.8.10/lib/python3.8/multiprocessing/connection.py", line 379, in _recv
    chunk = read(handle, remaining)
KeyboardInterrupt

During handling of the above exception, another exception occurred:

Traceback (most recent call last):
  File "/cvmfs/soft.computecanada.ca/easybuild/software/2020/avx512/Core/python/3.8.10/lib/python3.8/multiprocessing/process.py", line 318, in _bootstrap
    util._exit_function()
  File "/cvmfs/soft.computecanada.ca/easybuild/software/2020/avx512/Core/python/3.8.10/lib/python3.8/multiprocessing/util.py", line 334, in _exit_function
    _run_finalizers(0)
  File "/cvmfs/soft.computecanada.ca/easybuild/software/2020/avx512/Core/python/3.8.10/lib/python3.8/multiprocessing/util.py", line 300, in _run_finalizers
    finalizer()
  File "/cvmfs/soft.computecanada.ca/easybuild/software/2020/avx512/Core/python/3.8.10/lib/python3.8/multiprocessing/util.py", line 224, in __call__
    res = self._callback(*self._args, **self._kwargs)
  File "/cvmfs/soft.computecanada.ca/easybuild/software/2020/avx512/Core/python/3.8.10/lib/python3.8/multiprocessing/managers.py", line 887, in _decref
    conn = _Client(token.address, authkey=authkey)
  File "/cvmfs/soft.computecanada.ca/easybuild/software/2020/avx512/Core/python/3.8.10/lib/python3.8/multiprocessing/connection.py", line 508, in Client
    answer_challenge(c, authkey)
  File "/cvmfs/soft.computecanada.ca/easybuild/software/2020/avx512/Core/python/3.8.10/lib/python3.8/multiprocessing/connection.py", line 752, in answer_challenge
    message = connection.recv_bytes(256)         # reject large message
  File "/cvmfs/soft.computecanada.ca/easybuild/software/2020/avx512/Core/python/3.8.10/lib/python3.8/multiprocessing/connection.py", line 216, in recv_bytes
    buf = self._recv_bytes(maxlength)
  File "/cvmfs/soft.computecanada.ca/easybuild/software/2020/avx512/Core/python/3.8.10/lib/python3.8/multiprocessing/connection.py", line 414, in _recv_bytes
    buf = self._recv(4)
  File "/cvmfs/soft.computecanada.ca/easybuild/software/2020/avx512/Core/python/3.8.10/lib/python3.8/multiprocessing/connection.py", line 379, in _recv
    chunk = read(handle, remaining)
KeyboardInterrupt
Process Process-3:
Traceback (most recent call last):
  File "/cvmfs/soft.computecanada.ca/easybuild/software/2020/avx512/Core/python/3.8.10/lib/python3.8/multiprocessing/process.py", line 315, in _bootstrap
    self.run()
  File "/cvmfs/soft.computecanada.ca/easybuild/software/2020/avx512/Core/python/3.8.10/lib/python3.8/multiprocessing/process.py", line 108, in run
    self._target(*self._args, **self._kwargs)
  File "/lustre04/scratch/qianxi/sparse_training/dec_must/DST_RL/./torchrl/collector/para/async_mt.py", line 334, in train_worker_process
    shared_que.put({
  File "<string>", line 2, in put
  File "/cvmfs/soft.computecanada.ca/easybuild/software/2020/avx512/Core/python/3.8.10/lib/python3.8/multiprocessing/managers.py", line 835, in _callmethod
    kind, result = conn.recv()
  File "/cvmfs/soft.computecanada.ca/easybuild/software/2020/avx512/Core/python/3.8.10/lib/python3.8/multiprocessing/connection.py", line 250, in recv
    buf = self._recv_bytes()
  File "/cvmfs/soft.computecanada.ca/easybuild/software/2020/avx512/Core/python/3.8.10/lib/python3.8/multiprocessing/connection.py", line 414, in _recv_bytes
    buf = self._recv(4)
  File "/cvmfs/soft.computecanada.ca/easybuild/software/2020/avx512/Core/python/3.8.10/lib/python3.8/multiprocessing/connection.py", line 379, in _recv
    chunk = read(handle, remaining)
KeyboardInterrupt

During handling of the above exception, another exception occurred:

Traceback (most recent call last):
  File "/cvmfs/soft.computecanada.ca/easybuild/software/2020/avx512/Core/python/3.8.10/lib/python3.8/multiprocessing/process.py", line 318, in _bootstrap
    util._exit_function()
  File "/cvmfs/soft.computecanada.ca/easybuild/software/2020/avx512/Core/python/3.8.10/lib/python3.8/multiprocessing/util.py", line 334, in _exit_function
    _run_finalizers(0)
  File "/cvmfs/soft.computecanada.ca/easybuild/software/2020/avx512/Core/python/3.8.10/lib/python3.8/multiprocessing/util.py", line 300, in _run_finalizers
    finalizer()
  File "/cvmfs/soft.computecanada.ca/easybuild/software/2020/avx512/Core/python/3.8.10/lib/python3.8/multiprocessing/util.py", line 224, in __call__
    res = self._callback(*self._args, **self._kwargs)
  File "/cvmfs/soft.computecanada.ca/easybuild/software/2020/avx512/Core/python/3.8.10/lib/python3.8/multiprocessing/managers.py", line 887, in _decref
    conn = _Client(token.address, authkey=authkey)
  File "/cvmfs/soft.computecanada.ca/easybuild/software/2020/avx512/Core/python/3.8.10/lib/python3.8/multiprocessing/connection.py", line 508, in Client
    answer_challenge(c, authkey)
  File "/cvmfs/soft.computecanada.ca/easybuild/software/2020/avx512/Core/python/3.8.10/lib/python3.8/multiprocessing/connection.py", line 752, in answer_challenge
    message = connection.recv_bytes(256)         # reject large message
  File "/cvmfs/soft.computecanada.ca/easybuild/software/2020/avx512/Core/python/3.8.10/lib/python3.8/multiprocessing/connection.py", line 216, in recv_bytes
    buf = self._recv_bytes(maxlength)
  File "/cvmfs/soft.computecanada.ca/easybuild/software/2020/avx512/Core/python/3.8.10/lib/python3.8/multiprocessing/connection.py", line 414, in _recv_bytes
    buf = self._recv(4)
  File "/cvmfs/soft.computecanada.ca/easybuild/software/2020/avx512/Core/python/3.8.10/lib/python3.8/multiprocessing/connection.py", line 379, in _recv
    chunk = read(handle, remaining)
KeyboardInterrupt
Process Process-8:
Traceback (most recent call last):
  File "/cvmfs/soft.computecanada.ca/easybuild/software/2020/avx512/Core/python/3.8.10/lib/python3.8/multiprocessing/process.py", line 315, in _bootstrap
    self.run()
  File "/cvmfs/soft.computecanada.ca/easybuild/software/2020/avx512/Core/python/3.8.10/lib/python3.8/multiprocessing/process.py", line 108, in run
    self._target(*self._args, **self._kwargs)
  File "/lustre04/scratch/qianxi/sparse_training/dec_must/DST_RL/./torchrl/collector/para/async_mt.py", line 334, in train_worker_process
    shared_que.put({
  File "<string>", line 2, in put
  File "/cvmfs/soft.computecanada.ca/easybuild/software/2020/avx512/Core/python/3.8.10/lib/python3.8/multiprocessing/managers.py", line 835, in _callmethod
    kind, result = conn.recv()
  File "/cvmfs/soft.computecanada.ca/easybuild/software/2020/avx512/Core/python/3.8.10/lib/python3.8/multiprocessing/connection.py", line 250, in recv
    buf = self._recv_bytes()
  File "/cvmfs/soft.computecanada.ca/easybuild/software/2020/avx512/Core/python/3.8.10/lib/python3.8/multiprocessing/connection.py", line 414, in _recv_bytes
    buf = self._recv(4)
  File "/cvmfs/soft.computecanada.ca/easybuild/software/2020/avx512/Core/python/3.8.10/lib/python3.8/multiprocessing/connection.py", line 379, in _recv
    chunk = read(handle, remaining)
KeyboardInterrupt

During handling of the above exception, another exception occurred:

Traceback (most recent call last):
  File "/cvmfs/soft.computecanada.ca/easybuild/software/2020/avx512/Core/python/3.8.10/lib/python3.8/multiprocessing/process.py", line 318, in _bootstrap
    util._exit_function()
  File "/cvmfs/soft.computecanada.ca/easybuild/software/2020/avx512/Core/python/3.8.10/lib/python3.8/multiprocessing/util.py", line 334, in _exit_function
    _run_finalizers(0)
  File "/cvmfs/soft.computecanada.ca/easybuild/software/2020/avx512/Core/python/3.8.10/lib/python3.8/multiprocessing/util.py", line 300, in _run_finalizers
    finalizer()
  File "/cvmfs/soft.computecanada.ca/easybuild/software/2020/avx512/Core/python/3.8.10/lib/python3.8/multiprocessing/util.py", line 224, in __call__
    res = self._callback(*self._args, **self._kwargs)
  File "/cvmfs/soft.computecanada.ca/easybuild/software/2020/avx512/Core/python/3.8.10/lib/python3.8/multiprocessing/managers.py", line 887, in _decref
    conn = _Client(token.address, authkey=authkey)
  File "/cvmfs/soft.computecanada.ca/easybuild/software/2020/avx512/Core/python/3.8.10/lib/python3.8/multiprocessing/connection.py", line 508, in Client
    answer_challenge(c, authkey)
  File "/cvmfs/soft.computecanada.ca/easybuild/software/2020/avx512/Core/python/3.8.10/lib/python3.8/multiprocessing/connection.py", line 752, in answer_challenge
    message = connection.recv_bytes(256)         # reject large message
  File "/cvmfs/soft.computecanada.ca/easybuild/software/2020/avx512/Core/python/3.8.10/lib/python3.8/multiprocessing/connection.py", line 216, in recv_bytes
    buf = self._recv_bytes(maxlength)
  File "/cvmfs/soft.computecanada.ca/easybuild/software/2020/avx512/Core/python/3.8.10/lib/python3.8/multiprocessing/connection.py", line 414, in _recv_bytes
    buf = self._recv(4)
  File "/cvmfs/soft.computecanada.ca/easybuild/software/2020/avx512/Core/python/3.8.10/lib/python3.8/multiprocessing/connection.py", line 379, in _recv
    chunk = read(handle, remaining)
KeyboardInterrupt
Process Process-6:
Traceback (most recent call last):
  File "/cvmfs/soft.computecanada.ca/easybuild/software/2020/avx512/Core/python/3.8.10/lib/python3.8/multiprocessing/process.py", line 315, in _bootstrap
    self.run()
  File "/cvmfs/soft.computecanada.ca/easybuild/software/2020/avx512/Core/python/3.8.10/lib/python3.8/multiprocessing/process.py", line 108, in run
    self._target(*self._args, **self._kwargs)
  File "/lustre04/scratch/qianxi/sparse_training/dec_must/DST_RL/./torchrl/collector/para/async_mt.py", line 334, in train_worker_process
    shared_que.put({
  File "<string>", line 2, in put
  File "/cvmfs/soft.computecanada.ca/easybuild/software/2020/avx512/Core/python/3.8.10/lib/python3.8/multiprocessing/managers.py", line 835, in _callmethod
    kind, result = conn.recv()
  File "/cvmfs/soft.computecanada.ca/easybuild/software/2020/avx512/Core/python/3.8.10/lib/python3.8/multiprocessing/connection.py", line 250, in recv
    buf = self._recv_bytes()
  File "/cvmfs/soft.computecanada.ca/easybuild/software/2020/avx512/Core/python/3.8.10/lib/python3.8/multiprocessing/connection.py", line 414, in _recv_bytes
    buf = self._recv(4)
  File "/cvmfs/soft.computecanada.ca/easybuild/software/2020/avx512/Core/python/3.8.10/lib/python3.8/multiprocessing/connection.py", line 379, in _recv
    chunk = read(handle, remaining)
KeyboardInterrupt

During handling of the above exception, another exception occurred:

Traceback (most recent call last):
  File "/cvmfs/soft.computecanada.ca/easybuild/software/2020/avx512/Core/python/3.8.10/lib/python3.8/multiprocessing/process.py", line 318, in _bootstrap
    util._exit_function()
  File "/cvmfs/soft.computecanada.ca/easybuild/software/2020/avx512/Core/python/3.8.10/lib/python3.8/multiprocessing/util.py", line 334, in _exit_function
    _run_finalizers(0)
  File "/cvmfs/soft.computecanada.ca/easybuild/software/2020/avx512/Core/python/3.8.10/lib/python3.8/multiprocessing/util.py", line 300, in _run_finalizers
    finalizer()
  File "/cvmfs/soft.computecanada.ca/easybuild/software/2020/avx512/Core/python/3.8.10/lib/python3.8/multiprocessing/util.py", line 224, in __call__
    res = self._callback(*self._args, **self._kwargs)
  File "/cvmfs/soft.computecanada.ca/easybuild/software/2020/avx512/Core/python/3.8.10/lib/python3.8/multiprocessing/managers.py", line 887, in _decref
    conn = _Client(token.address, authkey=authkey)
  File "/cvmfs/soft.computecanada.ca/easybuild/software/2020/avx512/Core/python/3.8.10/lib/python3.8/multiprocessing/connection.py", line 508, in Client
    answer_challenge(c, authkey)
  File "/cvmfs/soft.computecanada.ca/easybuild/software/2020/avx512/Core/python/3.8.10/lib/python3.8/multiprocessing/connection.py", line 752, in answer_challenge
    message = connection.recv_bytes(256)         # reject large message
  File "/cvmfs/soft.computecanada.ca/easybuild/software/2020/avx512/Core/python/3.8.10/lib/python3.8/multiprocessing/connection.py", line 216, in recv_bytes
    buf = self._recv_bytes(maxlength)
  File "/cvmfs/soft.computecanada.ca/easybuild/software/2020/avx512/Core/python/3.8.10/lib/python3.8/multiprocessing/connection.py", line 414, in _recv_bytes
    buf = self._recv(4)
  File "/cvmfs/soft.computecanada.ca/easybuild/software/2020/avx512/Core/python/3.8.10/lib/python3.8/multiprocessing/connection.py", line 379, in _recv
    chunk = read(handle, remaining)
KeyboardInterrupt
Process Process-14:
Traceback (most recent call last):
  File "/cvmfs/soft.computecanada.ca/easybuild/software/2020/avx512/Core/python/3.8.10/lib/python3.8/multiprocessing/process.py", line 315, in _bootstrap
    self.run()
  File "/cvmfs/soft.computecanada.ca/easybuild/software/2020/avx512/Core/python/3.8.10/lib/python3.8/multiprocessing/process.py", line 108, in run
    self._target(*self._args, **self._kwargs)
  File "/lustre04/scratch/qianxi/sparse_training/dec_must/DST_RL/./torchrl/collector/para/async_mt.py", line 473, in eval_worker_process
    shared_que.put({
  File "<string>", line 2, in put
  File "/cvmfs/soft.computecanada.ca/easybuild/software/2020/avx512/Core/python/3.8.10/lib/python3.8/multiprocessing/managers.py", line 835, in _callmethod
    kind, result = conn.recv()
  File "/cvmfs/soft.computecanada.ca/easybuild/software/2020/avx512/Core/python/3.8.10/lib/python3.8/multiprocessing/connection.py", line 250, in recv
    buf = self._recv_bytes()
  File "/cvmfs/soft.computecanada.ca/easybuild/software/2020/avx512/Core/python/3.8.10/lib/python3.8/multiprocessing/connection.py", line 414, in _recv_bytes
    buf = self._recv(4)
  File "/cvmfs/soft.computecanada.ca/easybuild/software/2020/avx512/Core/python/3.8.10/lib/python3.8/multiprocessing/connection.py", line 379, in _recv
    chunk = read(handle, remaining)
KeyboardInterrupt

During handling of the above exception, another exception occurred:

Traceback (most recent call last):
  File "/cvmfs/soft.computecanada.ca/easybuild/software/2020/avx512/Core/python/3.8.10/lib/python3.8/multiprocessing/process.py", line 318, in _bootstrap
    util._exit_function()
  File "/cvmfs/soft.computecanada.ca/easybuild/software/2020/avx512/Core/python/3.8.10/lib/python3.8/multiprocessing/util.py", line 334, in _exit_function
    _run_finalizers(0)
  File "/cvmfs/soft.computecanada.ca/easybuild/software/2020/avx512/Core/python/3.8.10/lib/python3.8/multiprocessing/util.py", line 300, in _run_finalizers
    finalizer()
  File "/cvmfs/soft.computecanada.ca/easybuild/software/2020/avx512/Core/python/3.8.10/lib/python3.8/multiprocessing/util.py", line 224, in __call__
    res = self._callback(*self._args, **self._kwargs)
  File "/cvmfs/soft.computecanada.ca/easybuild/software/2020/avx512/Core/python/3.8.10/lib/python3.8/multiprocessing/managers.py", line 887, in _decref
    conn = _Client(token.address, authkey=authkey)
  File "/cvmfs/soft.computecanada.ca/easybuild/software/2020/avx512/Core/python/3.8.10/lib/python3.8/multiprocessing/connection.py", line 508, in Client
    answer_challenge(c, authkey)
  File "/cvmfs/soft.computecanada.ca/easybuild/software/2020/avx512/Core/python/3.8.10/lib/python3.8/multiprocessing/connection.py", line 752, in answer_challenge
    message = connection.recv_bytes(256)         # reject large message
  File "/cvmfs/soft.computecanada.ca/easybuild/software/2020/avx512/Core/python/3.8.10/lib/python3.8/multiprocessing/connection.py", line 216, in recv_bytes
    buf = self._recv_bytes(maxlength)
  File "/cvmfs/soft.computecanada.ca/easybuild/software/2020/avx512/Core/python/3.8.10/lib/python3.8/multiprocessing/connection.py", line 414, in _recv_bytes
    buf = self._recv(4)
  File "/cvmfs/soft.computecanada.ca/easybuild/software/2020/avx512/Core/python/3.8.10/lib/python3.8/multiprocessing/connection.py", line 379, in _recv
    chunk = read(handle, remaining)
KeyboardInterrupt
Process Process-13:
Traceback (most recent call last):
  File "/cvmfs/soft.computecanada.ca/easybuild/software/2020/avx512/Core/python/3.8.10/lib/python3.8/multiprocessing/process.py", line 315, in _bootstrap
    self.run()
  File "/cvmfs/soft.computecanada.ca/easybuild/software/2020/avx512/Core/python/3.8.10/lib/python3.8/multiprocessing/process.py", line 108, in run
    self._target(*self._args, **self._kwargs)
  File "/lustre04/scratch/qianxi/sparse_training/dec_must/DST_RL/./torchrl/collector/para/async_mt.py", line 473, in eval_worker_process
    shared_que.put({
  File "<string>", line 2, in put
  File "/cvmfs/soft.computecanada.ca/easybuild/software/2020/avx512/Core/python/3.8.10/lib/python3.8/multiprocessing/managers.py", line 835, in _callmethod
    kind, result = conn.recv()
  File "/cvmfs/soft.computecanada.ca/easybuild/software/2020/avx512/Core/python/3.8.10/lib/python3.8/multiprocessing/connection.py", line 250, in recv
    buf = self._recv_bytes()
  File "/cvmfs/soft.computecanada.ca/easybuild/software/2020/avx512/Core/python/3.8.10/lib/python3.8/multiprocessing/connection.py", line 414, in _recv_bytes
    buf = self._recv(4)
  File "/cvmfs/soft.computecanada.ca/easybuild/software/2020/avx512/Core/python/3.8.10/lib/python3.8/multiprocessing/connection.py", line 379, in _recv
    chunk = read(handle, remaining)
KeyboardInterrupt

During handling of the above exception, another exception occurred:

Traceback (most recent call last):
  File "/cvmfs/soft.computecanada.ca/easybuild/software/2020/avx512/Core/python/3.8.10/lib/python3.8/multiprocessing/process.py", line 318, in _bootstrap
    util._exit_function()
  File "/cvmfs/soft.computecanada.ca/easybuild/software/2020/avx512/Core/python/3.8.10/lib/python3.8/multiprocessing/util.py", line 334, in _exit_function
    _run_finalizers(0)
  File "/cvmfs/soft.computecanada.ca/easybuild/software/2020/avx512/Core/python/3.8.10/lib/python3.8/multiprocessing/util.py", line 300, in _run_finalizers
    finalizer()
  File "/cvmfs/soft.computecanada.ca/easybuild/software/2020/avx512/Core/python/3.8.10/lib/python3.8/multiprocessing/util.py", line 224, in __call__
    res = self._callback(*self._args, **self._kwargs)
  File "/cvmfs/soft.computecanada.ca/easybuild/software/2020/avx512/Core/python/3.8.10/lib/python3.8/multiprocessing/managers.py", line 887, in _decref
    conn = _Client(token.address, authkey=authkey)
  File "/cvmfs/soft.computecanada.ca/easybuild/software/2020/avx512/Core/python/3.8.10/lib/python3.8/multiprocessing/connection.py", line 508, in Client
    answer_challenge(c, authkey)
  File "/cvmfs/soft.computecanada.ca/easybuild/software/2020/avx512/Core/python/3.8.10/lib/python3.8/multiprocessing/connection.py", line 752, in answer_challenge
    message = connection.recv_bytes(256)         # reject large message
  File "/cvmfs/soft.computecanada.ca/easybuild/software/2020/avx512/Core/python/3.8.10/lib/python3.8/multiprocessing/connection.py", line 216, in recv_bytes
    buf = self._recv_bytes(maxlength)
  File "/cvmfs/soft.computecanada.ca/easybuild/software/2020/avx512/Core/python/3.8.10/lib/python3.8/multiprocessing/connection.py", line 414, in _recv_bytes
    buf = self._recv(4)
  File "/cvmfs/soft.computecanada.ca/easybuild/software/2020/avx512/Core/python/3.8.10/lib/python3.8/multiprocessing/connection.py", line 379, in _recv
    chunk = read(handle, remaining)
KeyboardInterrupt
Process Process-10:
Traceback (most recent call last):
  File "/cvmfs/soft.computecanada.ca/easybuild/software/2020/avx512/Core/python/3.8.10/lib/python3.8/multiprocessing/process.py", line 315, in _bootstrap
    self.run()
  File "/cvmfs/soft.computecanada.ca/easybuild/software/2020/avx512/Core/python/3.8.10/lib/python3.8/multiprocessing/process.py", line 108, in run
    self._target(*self._args, **self._kwargs)
  File "/lustre04/scratch/qianxi/sparse_training/dec_must/DST_RL/./torchrl/collector/para/async_mt.py", line 334, in train_worker_process
    shared_que.put({
  File "<string>", line 2, in put
  File "/cvmfs/soft.computecanada.ca/easybuild/software/2020/avx512/Core/python/3.8.10/lib/python3.8/multiprocessing/managers.py", line 835, in _callmethod
    kind, result = conn.recv()
  File "/cvmfs/soft.computecanada.ca/easybuild/software/2020/avx512/Core/python/3.8.10/lib/python3.8/multiprocessing/connection.py", line 250, in recv
    buf = self._recv_bytes()
  File "/cvmfs/soft.computecanada.ca/easybuild/software/2020/avx512/Core/python/3.8.10/lib/python3.8/multiprocessing/connection.py", line 414, in _recv_bytes
    buf = self._recv(4)
  File "/cvmfs/soft.computecanada.ca/easybuild/software/2020/avx512/Core/python/3.8.10/lib/python3.8/multiprocessing/connection.py", line 379, in _recv
    chunk = read(handle, remaining)
KeyboardInterrupt

During handling of the above exception, another exception occurred:

Traceback (most recent call last):
  File "/cvmfs/soft.computecanada.ca/easybuild/software/2020/avx512/Core/python/3.8.10/lib/python3.8/multiprocessing/process.py", line 318, in _bootstrap
    util._exit_function()
  File "/cvmfs/soft.computecanada.ca/easybuild/software/2020/avx512/Core/python/3.8.10/lib/python3.8/multiprocessing/util.py", line 334, in _exit_function
    _run_finalizers(0)
  File "/cvmfs/soft.computecanada.ca/easybuild/software/2020/avx512/Core/python/3.8.10/lib/python3.8/multiprocessing/util.py", line 300, in _run_finalizers
    finalizer()
  File "/cvmfs/soft.computecanada.ca/easybuild/software/2020/avx512/Core/python/3.8.10/lib/python3.8/multiprocessing/util.py", line 224, in __call__
    res = self._callback(*self._args, **self._kwargs)
  File "/cvmfs/soft.computecanada.ca/easybuild/software/2020/avx512/Core/python/3.8.10/lib/python3.8/multiprocessing/managers.py", line 887, in _decref
    conn = _Client(token.address, authkey=authkey)
  File "/cvmfs/soft.computecanada.ca/easybuild/software/2020/avx512/Core/python/3.8.10/lib/python3.8/multiprocessing/connection.py", line 508, in Client
    answer_challenge(c, authkey)
  File "/cvmfs/soft.computecanada.ca/easybuild/software/2020/avx512/Core/python/3.8.10/lib/python3.8/multiprocessing/connection.py", line 752, in answer_challenge
    message = connection.recv_bytes(256)         # reject large message
  File "/cvmfs/soft.computecanada.ca/easybuild/software/2020/avx512/Core/python/3.8.10/lib/python3.8/multiprocessing/connection.py", line 216, in recv_bytes
    buf = self._recv_bytes(maxlength)
  File "/cvmfs/soft.computecanada.ca/easybuild/software/2020/avx512/Core/python/3.8.10/lib/python3.8/multiprocessing/connection.py", line 414, in _recv_bytes
    buf = self._recv(4)
  File "/cvmfs/soft.computecanada.ca/easybuild/software/2020/avx512/Core/python/3.8.10/lib/python3.8/multiprocessing/connection.py", line 379, in _recv
    chunk = read(handle, remaining)
KeyboardInterrupt
Process Process-15:
Traceback (most recent call last):
  File "/cvmfs/soft.computecanada.ca/easybuild/software/2020/avx512/Core/python/3.8.10/lib/python3.8/multiprocessing/process.py", line 315, in _bootstrap
    self.run()
  File "/cvmfs/soft.computecanada.ca/easybuild/software/2020/avx512/Core/python/3.8.10/lib/python3.8/multiprocessing/process.py", line 108, in run
    self._target(*self._args, **self._kwargs)
  File "/lustre04/scratch/qianxi/sparse_training/dec_must/DST_RL/./torchrl/collector/para/async_mt.py", line 473, in eval_worker_process
    shared_que.put({
  File "<string>", line 2, in put
  File "/cvmfs/soft.computecanada.ca/easybuild/software/2020/avx512/Core/python/3.8.10/lib/python3.8/multiprocessing/managers.py", line 835, in _callmethod
    kind, result = conn.recv()
  File "/cvmfs/soft.computecanada.ca/easybuild/software/2020/avx512/Core/python/3.8.10/lib/python3.8/multiprocessing/connection.py", line 250, in recv
    buf = self._recv_bytes()
  File "/cvmfs/soft.computecanada.ca/easybuild/software/2020/avx512/Core/python/3.8.10/lib/python3.8/multiprocessing/connection.py", line 414, in _recv_bytes
    buf = self._recv(4)
  File "/cvmfs/soft.computecanada.ca/easybuild/software/2020/avx512/Core/python/3.8.10/lib/python3.8/multiprocessing/connection.py", line 379, in _recv
    chunk = read(handle, remaining)
KeyboardInterrupt

During handling of the above exception, another exception occurred:

Traceback (most recent call last):
  File "/cvmfs/soft.computecanada.ca/easybuild/software/2020/avx512/Core/python/3.8.10/lib/python3.8/multiprocessing/process.py", line 318, in _bootstrap
    util._exit_function()
  File "/cvmfs/soft.computecanada.ca/easybuild/software/2020/avx512/Core/python/3.8.10/lib/python3.8/multiprocessing/util.py", line 334, in _exit_function
    _run_finalizers(0)
  File "/cvmfs/soft.computecanada.ca/easybuild/software/2020/avx512/Core/python/3.8.10/lib/python3.8/multiprocessing/util.py", line 300, in _run_finalizers
    finalizer()
  File "/cvmfs/soft.computecanada.ca/easybuild/software/2020/avx512/Core/python/3.8.10/lib/python3.8/multiprocessing/util.py", line 224, in __call__
    res = self._callback(*self._args, **self._kwargs)
  File "/cvmfs/soft.computecanada.ca/easybuild/software/2020/avx512/Core/python/3.8.10/lib/python3.8/multiprocessing/managers.py", line 887, in _decref
    conn = _Client(token.address, authkey=authkey)
  File "/cvmfs/soft.computecanada.ca/easybuild/software/2020/avx512/Core/python/3.8.10/lib/python3.8/multiprocessing/connection.py", line 508, in Client
    answer_challenge(c, authkey)
  File "/cvmfs/soft.computecanada.ca/easybuild/software/2020/avx512/Core/python/3.8.10/lib/python3.8/multiprocessing/connection.py", line 752, in answer_challenge
    message = connection.recv_bytes(256)         # reject large message
  File "/cvmfs/soft.computecanada.ca/easybuild/software/2020/avx512/Core/python/3.8.10/lib/python3.8/multiprocessing/connection.py", line 216, in recv_bytes
    buf = self._recv_bytes(maxlength)
  File "/cvmfs/soft.computecanada.ca/easybuild/software/2020/avx512/Core/python/3.8.10/lib/python3.8/multiprocessing/connection.py", line 414, in _recv_bytes
    buf = self._recv(4)
  File "/cvmfs/soft.computecanada.ca/easybuild/software/2020/avx512/Core/python/3.8.10/lib/python3.8/multiprocessing/connection.py", line 379, in _recv
    chunk = read(handle, remaining)
KeyboardInterrupt
Process Process-12:
Traceback (most recent call last):
  File "/cvmfs/soft.computecanada.ca/easybuild/software/2020/avx512/Core/python/3.8.10/lib/python3.8/multiprocessing/process.py", line 315, in _bootstrap
    self.run()
  File "/cvmfs/soft.computecanada.ca/easybuild/software/2020/avx512/Core/python/3.8.10/lib/python3.8/multiprocessing/process.py", line 108, in run
    self._target(*self._args, **self._kwargs)
  File "/lustre04/scratch/qianxi/sparse_training/dec_must/DST_RL/./torchrl/collector/para/async_mt.py", line 473, in eval_worker_process
    shared_que.put({
  File "<string>", line 2, in put
  File "/cvmfs/soft.computecanada.ca/easybuild/software/2020/avx512/Core/python/3.8.10/lib/python3.8/multiprocessing/managers.py", line 835, in _callmethod
    kind, result = conn.recv()
  File "/cvmfs/soft.computecanada.ca/easybuild/software/2020/avx512/Core/python/3.8.10/lib/python3.8/multiprocessing/connection.py", line 250, in recv
    buf = self._recv_bytes()
  File "/cvmfs/soft.computecanada.ca/easybuild/software/2020/avx512/Core/python/3.8.10/lib/python3.8/multiprocessing/connection.py", line 414, in _recv_bytes
    buf = self._recv(4)
  File "/cvmfs/soft.computecanada.ca/easybuild/software/2020/avx512/Core/python/3.8.10/lib/python3.8/multiprocessing/connection.py", line 379, in _recv
    chunk = read(handle, remaining)
KeyboardInterrupt

During handling of the above exception, another exception occurred:

Traceback (most recent call last):
  File "/cvmfs/soft.computecanada.ca/easybuild/software/2020/avx512/Core/python/3.8.10/lib/python3.8/multiprocessing/process.py", line 318, in _bootstrap
    util._exit_function()
  File "/cvmfs/soft.computecanada.ca/easybuild/software/2020/avx512/Core/python/3.8.10/lib/python3.8/multiprocessing/util.py", line 334, in _exit_function
    _run_finalizers(0)
  File "/cvmfs/soft.computecanada.ca/easybuild/software/2020/avx512/Core/python/3.8.10/lib/python3.8/multiprocessing/util.py", line 300, in _run_finalizers
    finalizer()
  File "/cvmfs/soft.computecanada.ca/easybuild/software/2020/avx512/Core/python/3.8.10/lib/python3.8/multiprocessing/util.py", line 224, in __call__
    res = self._callback(*self._args, **self._kwargs)
  File "/cvmfs/soft.computecanada.ca/easybuild/software/2020/avx512/Core/python/3.8.10/lib/python3.8/multiprocessing/managers.py", line 887, in _decref
    conn = _Client(token.address, authkey=authkey)
  File "/cvmfs/soft.computecanada.ca/easybuild/software/2020/avx512/Core/python/3.8.10/lib/python3.8/multiprocessing/connection.py", line 508, in Client
    answer_challenge(c, authkey)
  File "/cvmfs/soft.computecanada.ca/easybuild/software/2020/avx512/Core/python/3.8.10/lib/python3.8/multiprocessing/connection.py", line 752, in answer_challenge
    message = connection.recv_bytes(256)         # reject large message
  File "/cvmfs/soft.computecanada.ca/easybuild/software/2020/avx512/Core/python/3.8.10/lib/python3.8/multiprocessing/connection.py", line 216, in recv_bytes
    buf = self._recv_bytes(maxlength)
  File "/cvmfs/soft.computecanada.ca/easybuild/software/2020/avx512/Core/python/3.8.10/lib/python3.8/multiprocessing/connection.py", line 414, in _recv_bytes
    buf = self._recv(4)
  File "/cvmfs/soft.computecanada.ca/easybuild/software/2020/avx512/Core/python/3.8.10/lib/python3.8/multiprocessing/connection.py", line 379, in _recv
    chunk = read(handle, remaining)
KeyboardInterrupt
Process Process-11:
Traceback (most recent call last):
  File "/cvmfs/soft.computecanada.ca/easybuild/software/2020/avx512/Core/python/3.8.10/lib/python3.8/multiprocessing/process.py", line 315, in _bootstrap
    self.run()
  File "/cvmfs/soft.computecanada.ca/easybuild/software/2020/avx512/Core/python/3.8.10/lib/python3.8/multiprocessing/process.py", line 108, in run
    self._target(*self._args, **self._kwargs)
  File "/lustre04/scratch/qianxi/sparse_training/dec_must/DST_RL/./torchrl/collector/para/async_mt.py", line 334, in train_worker_process
    shared_que.put({
  File "<string>", line 2, in put
  File "/cvmfs/soft.computecanada.ca/easybuild/software/2020/avx512/Core/python/3.8.10/lib/python3.8/multiprocessing/managers.py", line 835, in _callmethod
    kind, result = conn.recv()
  File "/cvmfs/soft.computecanada.ca/easybuild/software/2020/avx512/Core/python/3.8.10/lib/python3.8/multiprocessing/connection.py", line 250, in recv
    buf = self._recv_bytes()
  File "/cvmfs/soft.computecanada.ca/easybuild/software/2020/avx512/Core/python/3.8.10/lib/python3.8/multiprocessing/connection.py", line 414, in _recv_bytes
    buf = self._recv(4)
  File "/cvmfs/soft.computecanada.ca/easybuild/software/2020/avx512/Core/python/3.8.10/lib/python3.8/multiprocessing/connection.py", line 379, in _recv
    chunk = read(handle, remaining)
KeyboardInterrupt

During handling of the above exception, another exception occurred:

Traceback (most recent call last):
  File "/cvmfs/soft.computecanada.ca/easybuild/software/2020/avx512/Core/python/3.8.10/lib/python3.8/multiprocessing/process.py", line 318, in _bootstrap
    util._exit_function()
  File "/cvmfs/soft.computecanada.ca/easybuild/software/2020/avx512/Core/python/3.8.10/lib/python3.8/multiprocessing/util.py", line 334, in _exit_function
    _run_finalizers(0)
  File "/cvmfs/soft.computecanada.ca/easybuild/software/2020/avx512/Core/python/3.8.10/lib/python3.8/multiprocessing/util.py", line 300, in _run_finalizers
    finalizer()
  File "/cvmfs/soft.computecanada.ca/easybuild/software/2020/avx512/Core/python/3.8.10/lib/python3.8/multiprocessing/util.py", line 224, in __call__
    res = self._callback(*self._args, **self._kwargs)
  File "/cvmfs/soft.computecanada.ca/easybuild/software/2020/avx512/Core/python/3.8.10/lib/python3.8/multiprocessing/managers.py", line 887, in _decref
    conn = _Client(token.address, authkey=authkey)
  File "/cvmfs/soft.computecanada.ca/easybuild/software/2020/avx512/Core/python/3.8.10/lib/python3.8/multiprocessing/connection.py", line 508, in Client
    answer_challenge(c, authkey)
  File "/cvmfs/soft.computecanada.ca/easybuild/software/2020/avx512/Core/python/3.8.10/lib/python3.8/multiprocessing/connection.py", line 752, in answer_challenge
    message = connection.recv_bytes(256)         # reject large message
  File "/cvmfs/soft.computecanada.ca/easybuild/software/2020/avx512/Core/python/3.8.10/lib/python3.8/multiprocessing/connection.py", line 216, in recv_bytes
    buf = self._recv_bytes(maxlength)
  File "/cvmfs/soft.computecanada.ca/easybuild/software/2020/avx512/Core/python/3.8.10/lib/python3.8/multiprocessing/connection.py", line 414, in _recv_bytes
    buf = self._recv(4)
  File "/cvmfs/soft.computecanada.ca/easybuild/software/2020/avx512/Core/python/3.8.10/lib/python3.8/multiprocessing/connection.py", line 379, in _recv
    chunk = read(handle, remaining)
KeyboardInterrupt
Traceback (most recent call last):
  File "starter/mt_must_sac.py", line 397, in <module>
    experiment(args)
  File "starter/mt_must_sac.py", line 358, in experiment
    agent.train(env.num_tasks,params,group_name)
  File "/lustre04/scratch/qianxi/sparse_training/dec_must/DST_RL/./torchrl/algo/rl_algo.py", line 385, in train
    self.update_per_epoch(task_sample_index, task_scheduler, self.mask_buffer, epoch,self.use_trajectory_info)
  File "/lustre04/scratch/qianxi/sparse_training/dec_must/DST_RL/./torchrl/algo/off_policy/must_sac.py", line 459, in update_per_epoch
    info,inner_dict = self.update(batch, task_sample_index, task_scheduler,
  File "/lustre04/scratch/qianxi/sparse_training/dec_must/DST_RL/./torchrl/algo/off_policy/must_sac.py", line 340, in update
    info['Reward_Mean'] = rewards.mean().item()
KeyboardInterrupt
Error in atexit._run_exitfuncs:
Traceback (most recent call last):
  File "/lustre04/scratch/qianxi/sparse_training/dec_must/must_env/lib/python3.8/site-packages/wandb/sdk/wandb_manager.py", line 186, in _teardown
    result = self._service.join()
  File "/lustre04/scratch/qianxi/sparse_training/dec_must/must_env/lib/python3.8/site-packages/wandb/sdk/service/service.py", line 235, in join
    ret = self._internal_proc.wait()
  File "/cvmfs/soft.computecanada.ca/easybuild/software/2020/avx512/Core/python/3.8.10/lib/python3.8/subprocess.py", line 1083, in wait
    return self._wait(timeout=timeout)
  File "/cvmfs/soft.computecanada.ca/easybuild/software/2020/avx512/Core/python/3.8.10/lib/python3.8/subprocess.py", line 1806, in _wait
    (pid, sts) = self._try_wait(0)
  File "/cvmfs/soft.computecanada.ca/easybuild/software/2020/avx512/Core/python/3.8.10/lib/python3.8/subprocess.py", line 1764, in _try_wait
    (pid, sts) = os.waitpid(self.pid, wait_flags)
KeyboardInterrupt
Traceback (most recent call last):
  File "/cvmfs/soft.computecanada.ca/easybuild/software/2020/avx512/Core/python/3.8.10/lib/python3.8/multiprocessing/process.py", line 315, in _bootstrap
    self.run()
  File "/cvmfs/soft.computecanada.ca/easybuild/software/2020/avx512/Core/python/3.8.10/lib/python3.8/multiprocessing/process.py", line 108, in run
    self._target(*self._args, **self._kwargs)
  File "/lustre04/scratch/qianxi/sparse_training/dec_must/DST_RL/./torchrl/collector/para/async_mt.py", line 473, in eval_worker_process
    shared_que.put({
  File "<string>", line 2, in put
  File "/cvmfs/soft.computecanada.ca/easybuild/software/2020/avx512/Core/python/3.8.10/lib/python3.8/multiprocessing/managers.py", line 835, in _callmethod
    kind, result = conn.recv()
  File "/cvmfs/soft.computecanada.ca/easybuild/software/2020/avx512/Core/python/3.8.10/lib/python3.8/multiprocessing/connection.py", line 250, in recv
    buf = self._recv_bytes()
  File "/cvmfs/soft.computecanada.ca/easybuild/software/2020/avx512/Core/python/3.8.10/lib/python3.8/multiprocessing/connection.py", line 414, in _recv_bytes
    buf = self._recv(4)
  File "/cvmfs/soft.computecanada.ca/easybuild/software/2020/avx512/Core/python/3.8.10/lib/python3.8/multiprocessing/connection.py", line 379, in _recv
    chunk = read(handle, remaining)
KeyboardInterrupt

During handling of the above exception, another exception occurred:

Traceback (most recent call last):
  File "<string>", line 1, in <module>
  File "/cvmfs/soft.computecanada.ca/easybuild/software/2020/avx512/Core/python/3.8.10/lib/python3.8/multiprocessing/spawn.py", line 116, in spawn_main
    exitcode = _main(fd, parent_sentinel)
  File "/cvmfs/soft.computecanada.ca/easybuild/software/2020/avx512/Core/python/3.8.10/lib/python3.8/multiprocessing/spawn.py", line 129, in _main
    return self._bootstrap(parent_sentinel)
  File "/cvmfs/soft.computecanada.ca/easybuild/software/2020/avx512/Core/python/3.8.10/lib/python3.8/multiprocessing/process.py", line 331, in _bootstrap
    traceback.print_exc()
  File "/cvmfs/soft.computecanada.ca/easybuild/software/2020/avx512/Core/python/3.8.10/lib/python3.8/traceback.py", line 163, in print_exc
    print_exception(*sys.exc_info(), limit=limit, file=file, chain=chain)
  File "/cvmfs/soft.computecanada.ca/easybuild/software/2020/avx512/Core/python/3.8.10/lib/python3.8/traceback.py", line 103, in print_exception
    for line in TracebackException(
  File "/cvmfs/soft.computecanada.ca/easybuild/software/2020/avx512/Core/python/3.8.10/lib/python3.8/traceback.py", line 508, in __init__
    self.stack = StackSummary.extract(
  File "/cvmfs/soft.computecanada.ca/easybuild/software/2020/avx512/Core/python/3.8.10/lib/python3.8/traceback.py", line 366, in extract
    f.line
  File "/cvmfs/soft.computecanada.ca/easybuild/software/2020/avx512/Core/python/3.8.10/lib/python3.8/traceback.py", line 288, in line
    self._line = linecache.getline(self.filename, self.lineno).strip()
  File "/cvmfs/soft.computecanada.ca/easybuild/software/2020/avx512/Core/python/3.8.10/lib/python3.8/linecache.py", line 16, in getline
    lines = getlines(filename, module_globals)
  File "/lustre04/scratch/qianxi/sparse_training/dec_must/must_env/lib/python3.8/site-packages/torch/_fx/graph_module.py", line 27, in patched_getline
    return _orig_getlines(*args, **kwargs)
  File "/cvmfs/soft.computecanada.ca/easybuild/software/2020/avx512/Core/python/3.8.10/lib/python3.8/linecache.py", line 47, in getlines
    return updatecache(filename, module_globals)
  File "/cvmfs/soft.computecanada.ca/easybuild/software/2020/avx512/Core/python/3.8.10/lib/python3.8/linecache.py", line 95, in updatecache
    stat = os.stat(fullname)
KeyboardInterrupt
Traceback (most recent call last):
  File "/cvmfs/soft.computecanada.ca/easybuild/software/2020/avx512/Core/python/3.8.10/lib/python3.8/multiprocessing/process.py", line 315, in _bootstrap
    self.run()
  File "/cvmfs/soft.computecanada.ca/easybuild/software/2020/avx512/Core/python/3.8.10/lib/python3.8/multiprocessing/process.py", line 108, in run
    self._target(*self._args, **self._kwargs)
  File "/lustre04/scratch/qianxi/sparse_training/dec_must/DST_RL/./torchrl/collector/para/async_mt.py", line 473, in eval_worker_process
    shared_que.put({
  File "<string>", line 2, in put
  File "/cvmfs/soft.computecanada.ca/easybuild/software/2020/avx512/Core/python/3.8.10/lib/python3.8/multiprocessing/managers.py", line 835, in _callmethod
    kind, result = conn.recv()
  File "/cvmfs/soft.computecanada.ca/easybuild/software/2020/avx512/Core/python/3.8.10/lib/python3.8/multiprocessing/connection.py", line 250, in recv
    buf = self._recv_bytes()
  File "/cvmfs/soft.computecanada.ca/easybuild/software/2020/avx512/Core/python/3.8.10/lib/python3.8/multiprocessing/connection.py", line 414, in _recv_bytes
    buf = self._recv(4)
  File "/cvmfs/soft.computecanada.ca/easybuild/software/2020/avx512/Core/python/3.8.10/lib/python3.8/multiprocessing/connection.py", line 379, in _recv
    chunk = read(handle, remaining)
KeyboardInterrupt

During handling of the above exception, another exception occurred:

Traceback (most recent call last):
  File "<string>", line 1, in <module>
  File "/cvmfs/soft.computecanada.ca/easybuild/software/2020/avx512/Core/python/3.8.10/lib/python3.8/multiprocessing/spawn.py", line 116, in spawn_main
    exitcode = _main(fd, parent_sentinel)
  File "/cvmfs/soft.computecanada.ca/easybuild/software/2020/avx512/Core/python/3.8.10/lib/python3.8/multiprocessing/spawn.py", line 129, in _main
    return self._bootstrap(parent_sentinel)
  File "/cvmfs/soft.computecanada.ca/easybuild/software/2020/avx512/Core/python/3.8.10/lib/python3.8/multiprocessing/process.py", line 331, in _bootstrap
    traceback.print_exc()
  File "/cvmfs/soft.computecanada.ca/easybuild/software/2020/avx512/Core/python/3.8.10/lib/python3.8/traceback.py", line 163, in print_exc
    print_exception(*sys.exc_info(), limit=limit, file=file, chain=chain)
  File "/cvmfs/soft.computecanada.ca/easybuild/software/2020/avx512/Core/python/3.8.10/lib/python3.8/traceback.py", line 103, in print_exception
    for line in TracebackException(
  File "/cvmfs/soft.computecanada.ca/easybuild/software/2020/avx512/Core/python/3.8.10/lib/python3.8/traceback.py", line 508, in __init__
    self.stack = StackSummary.extract(
  File "/cvmfs/soft.computecanada.ca/easybuild/software/2020/avx512/Core/python/3.8.10/lib/python3.8/traceback.py", line 366, in extract
    f.line
  File "/cvmfs/soft.computecanada.ca/easybuild/software/2020/avx512/Core/python/3.8.10/lib/python3.8/traceback.py", line 288, in line
    self._line = linecache.getline(self.filename, self.lineno).strip()
  File "/cvmfs/soft.computecanada.ca/easybuild/software/2020/avx512/Core/python/3.8.10/lib/python3.8/linecache.py", line 16, in getline
    lines = getlines(filename, module_globals)
  File "/lustre04/scratch/qianxi/sparse_training/dec_must/must_env/lib/python3.8/site-packages/torch/_fx/graph_module.py", line 27, in patched_getline
    return _orig_getlines(*args, **kwargs)
  File "/cvmfs/soft.computecanada.ca/easybuild/software/2020/avx512/Core/python/3.8.10/lib/python3.8/linecache.py", line 47, in getlines
    return updatecache(filename, module_globals)
  File "/cvmfs/soft.computecanada.ca/easybuild/software/2020/avx512/Core/python/3.8.10/lib/python3.8/linecache.py", line 136, in updatecache
    with tokenize.open(fullname) as fp:
  File "/cvmfs/soft.computecanada.ca/easybuild/software/2020/avx512/Core/python/3.8.10/lib/python3.8/tokenize.py", line 392, in open
    buffer = _builtin_open(filename, 'rb')
KeyboardInterrupt
